#
# There is insufficient memory for the Java Runtime Environment to continue.
# Native memory allocation (malloc) failed to allocate 831216 bytes for Chunk::new
# Possible reasons:
#   The system is out of physical RAM or swap space
#   The process is running with CompressedOops enabled, and the Java Heap may be blocking the growth of the native heap
# Possible solutions:
#   Reduce memory load on the system
#   Increase physical memory or swap space
#   Check if swap backing store is full
#   Decrease Java heap size (-Xmx/-Xms)
#   Decrease number of Java threads
#   Decrease Java thread stack sizes (-Xss)
#   Set larger code cache with -XX:ReservedCodeCacheSize=
#   JVM is running with Unscaled Compressed Oops mode in which the Java heap is
#     placed in the first 4GB address space. The Java Heap base address is the
#     maximum limit for the native heap growth. Please use -XX:HeapBaseMinAddress
#     to set the Java Heap base and to place the Java Heap above 4GB virtual address.
# This output file may be truncated or incomplete.
#
#  Out of Memory Error (allocation.cpp:390), pid=12628, tid=0x0000000000002fbc
#
# JRE version: Java(TM) SE Runtime Environment (8.0_201-b09) (build 1.8.0_201-b09)
# Java VM: Java HotSpot(TM) 64-Bit Server VM (25.201-b09 mixed mode windows-amd64 compressed oops)
# Failed to write core dump. Minidumps are not enabled by default on client versions of Windows
#

---------------  T H R E A D  ---------------

Current thread (0x00000000177e0000):  JavaThread "C2 CompilerThread2" daemon [_thread_in_native, id=12220, stack(0x00000000182c0000,0x00000000183c0000)]

Stack: [0x00000000182c0000,0x00000000183c0000]
[error occurred during error reporting (printing stack bounds), id 0xc0000005]

Native frames: (J=compiled Java code, j=interpreted, Vv=VM code, C=native code)


Current CompileTask:
C2:   5101 4706       4       com.android.tools.r8.graph.H::a (1039 bytes)


---------------  P R O C E S S  ---------------

Java Threads: ( => current thread )
  0x0000000018b04000 JavaThread "ForkJoinPool-1-worker-0" daemon [_thread_in_Java, id=5588, stack(0x000000001a190000,0x000000001a290000)]
  0x0000000018b03800 JavaThread "ForkJoinPool-1-worker-3" daemon [_thread_in_vm, id=16684, stack(0x000000001a090000,0x000000001a190000)]
  0x0000000018c32000 JavaThread "ForkJoinPool-1-worker-2" daemon [_thread_in_Java, id=5040, stack(0x0000000019f90000,0x000000001a090000)]
  0x0000000018c31000 JavaThread "ForkJoinPool-1-worker-1" daemon [_thread_in_Java, id=6808, stack(0x0000000019e90000,0x0000000019f90000)]
  0x0000000017868000 JavaThread "Service Thread" daemon [_thread_blocked, id=12472, stack(0x00000000184c0000,0x00000000185c0000)]
  0x00000000177e6000 JavaThread "C1 CompilerThread3" daemon [_thread_in_vm, id=17052, stack(0x00000000183c0000,0x00000000184c0000)]
=>0x00000000177e0000 JavaThread "C2 CompilerThread2" daemon [_thread_in_native, id=12220, stack(0x00000000182c0000,0x00000000183c0000)]
  0x00000000177da000 JavaThread "C2 CompilerThread1" daemon [_thread_in_native, id=18072, stack(0x00000000181c0000,0x00000000182c0000)]
  0x00000000177d7000 JavaThread "C2 CompilerThread0" daemon [_thread_in_native, id=3328, stack(0x00000000180c0000,0x00000000181c0000)]
  0x00000000177d4800 JavaThread "Attach Listener" daemon [_thread_blocked, id=17984, stack(0x0000000017fc0000,0x00000000180c0000)]
  0x00000000177d3000 JavaThread "Signal Dispatcher" daemon [_thread_blocked, id=12136, stack(0x0000000017ec0000,0x0000000017fc0000)]
  0x00000000177c0800 JavaThread "Finalizer" daemon [_thread_blocked, id=512, stack(0x0000000017ca0000,0x0000000017da0000)]
  0x0000000002ea7000 JavaThread "Reference Handler" daemon [_thread_blocked, id=18316, stack(0x0000000017ba0000,0x0000000017ca0000)]
  0x0000000002db3000 JavaThread "main" [_thread_blocked, id=1660, stack(0x0000000002c40000,0x0000000002d40000)]

Other Threads:
  0x00000000159c9800 VMThread [stack: 0x00000000176a0000,0x00000000177a0000] [id=1248]
  0x0000000017882800 WatcherThread [stack: 0x00000000185c0000,0x00000000186c0000] [id=7292]

VM state:not at safepoint (normal execution)

VM Mutex/Monitor currently owned by a thread: None

heap address: 0x00000000c0000000, size: 1024 MB, Compressed Oops mode: 32-bit
Narrow klass base: 0x0000000000000000, Narrow klass shift: 3
Compressed class space size: 1073741824 Address: 0x0000000100000000

Heap:
 PSYoungGen      total 290304K, used 44805K [0x00000000eab00000, 0x00000000fe000000, 0x0000000100000000)
  eden space 265216K, 16% used [0x00000000eab00000,0x00000000ed6c16a8,0x00000000fae00000)
  from space 25088K, 0% used [0x00000000fae00000,0x00000000fae00000,0x00000000fc680000)
  to   space 24064K, 0% used [0x00000000fc680000,0x00000000fc680000,0x00000000fde00000)
 ParOldGen       total 87552K, used 41263K [0x00000000c0000000, 0x00000000c5580000, 0x00000000eab00000)
  object space 87552K, 47% used [0x00000000c0000000,0x00000000c284bfa8,0x00000000c5580000)
 Metaspace       used 15869K, capacity 16658K, committed 17408K, reserved 1064960K
  class space    used 1912K, capacity 2085K, committed 2304K, reserved 1048576K

Card table byte_map: [0x0000000012270000,0x0000000012480000] byte_map_base: 0x0000000011c70000

Marking Bits: (ParMarkBitMap*) 0x000000005d644ce0
 Begin Bits: [0x0000000012de0000, 0x0000000013de0000)
 End Bits:   [0x0000000013de0000, 0x0000000014de0000)

Polling page: 0x0000000002d40000

CodeCache: size=245760Kb used=14004Kb max_used=15883Kb free=231755Kb
 bounds [0x0000000002eb0000, 0x0000000003e50000, 0x0000000011eb0000]
 total_blobs=4363 nmethods=4011 adapters=263
 compilation: enabled

Compilation events (10 events):
Event: 5.085 Thread 0x00000000177e6000 nmethod 4895 0x0000000003170890 code [0x0000000003170a00, 0x0000000003170c08]
Event: 5.085 Thread 0x00000000177e6000 4896       2       java.util.IdentityHashMap$EntryIterator$Entry::<init> (7 bytes)
Event: 5.085 Thread 0x00000000177e6000 nmethod 4896 0x00000000030cd350 code [0x00000000030cd4a0, 0x00000000030cd610]
Event: 5.086 Thread 0x00000000177e6000 4897       2       java.util.IdentityHashMap$EntryIterator$Entry::<init> (15 bytes)
Event: 5.086 Thread 0x00000000177e6000 nmethod 4897 0x0000000003567310 code [0x0000000003567460, 0x00000000035675d0]
Event: 5.086 Thread 0x00000000177e6000 4898       2       java.util.IdentityHashMap$EntryIterator$Entry::getKey (20 bytes)
Event: 5.087 Thread 0x00000000177e6000 nmethod 4898 0x000000000351ad90 code [0x000000000351af00, 0x000000000351b168]
Event: 5.087 Thread 0x00000000177e6000 4899       2       java.util.IdentityHashMap$EntryIterator$Entry::getValue (19 bytes)
Event: 5.087 Thread 0x00000000177e6000 nmethod 4899 0x00000000031d5250 code [0x00000000031d53c0, 0x00000000031d5608]
Event: 5.092 Thread 0x00000000177e6000 4900       2       com.android.tools.r8.u.a.i.a::a (604 bytes)

GC Heap History (10 events):
Event: 3.090 GC heap before
{Heap before GC invocations=8 (full 0):
 PSYoungGen      total 155136K, used 153974K [0x00000000eab00000, 0x00000000fde00000, 0x0000000100000000)
  eden space 133120K, 100% used [0x00000000eab00000,0x00000000f2d00000,0x00000000f2d00000)
  from space 22016K, 94% used [0x00000000f2d00000,0x00000000f415d848,0x00000000f4280000)
  to   space 24064K, 0% used [0x00000000fc680000,0x00000000fc680000,0x00000000fde00000)
 ParOldGen       total 87552K, used 47903K [0x00000000c0000000, 0x00000000c5580000, 0x00000000eab00000)
  object space 87552K, 54% used [0x00000000c0000000,0x00000000c2ec7c40,0x00000000c5580000)
 Metaspace       used 15256K, capacity 16232K, committed 16384K, reserved 1062912K
  class space    used 1971K, capacity 2218K, committed 2304K, reserved 1048576K
Event: 3.116 GC heap after
Heap after GC invocations=8 (full 0):
 PSYoungGen      total 289280K, used 19166K [0x00000000eab00000, 0x00000000fe000000, 0x0000000100000000)
  eden space 265216K, 0% used [0x00000000eab00000,0x00000000eab00000,0x00000000fae00000)
  from space 24064K, 79% used [0x00000000fc680000,0x00000000fd937828,0x00000000fde00000)
  to   space 25088K, 0% used [0x00000000fae00000,0x00000000fae00000,0x00000000fc680000)
 ParOldGen       total 87552K, used 49282K [0x00000000c0000000, 0x00000000c5580000, 0x00000000eab00000)
  object space 87552K, 56% used [0x00000000c0000000,0x00000000c3020888,0x00000000c5580000)
 Metaspace       used 15256K, capacity 16232K, committed 16384K, reserved 1062912K
  class space    used 1971K, capacity 2218K, committed 2304K, reserved 1048576K
}
Event: 3.799 GC heap before
{Heap before GC invocations=9 (full 0):
 PSYoungGen      total 289280K, used 284382K [0x00000000eab00000, 0x00000000fe000000, 0x0000000100000000)
  eden space 265216K, 100% used [0x00000000eab00000,0x00000000fae00000,0x00000000fae00000)
  from space 24064K, 79% used [0x00000000fc680000,0x00000000fd937828,0x00000000fde00000)
  to   space 25088K, 0% used [0x00000000fae00000,0x00000000fae00000,0x00000000fc680000)
 ParOldGen       total 87552K, used 49282K [0x00000000c0000000, 0x00000000c5580000, 0x00000000eab00000)
  object space 87552K, 56% used [0x00000000c0000000,0x00000000c3020888,0x00000000c5580000)
 Metaspace       used 15863K, capacity 16852K, committed 17152K, reserved 1064960K
  class space    used 1989K, capacity 2218K, committed 2304K, reserved 1048576K
Event: 3.822 GC heap after
Heap after GC invocations=9 (full 0):
 PSYoungGen      total 290304K, used 9447K [0x00000000eab00000, 0x00000000fe000000, 0x0000000100000000)
  eden space 265216K, 0% used [0x00000000eab00000,0x00000000eab00000,0x00000000fae00000)
  from space 25088K, 37% used [0x00000000fae00000,0x00000000fb739c08,0x00000000fc680000)
  to   space 24064K, 0% used [0x00000000fc680000,0x00000000fc680000,0x00000000fde00000)
 ParOldGen       total 87552K, used 61884K [0x00000000c0000000, 0x00000000c5580000, 0x00000000eab00000)
  object space 87552K, 70% used [0x00000000c0000000,0x00000000c3c6f290,0x00000000c5580000)
 Metaspace       used 15863K, capacity 16852K, committed 17152K, reserved 1064960K
  class space    used 1989K, capacity 2218K, committed 2304K, reserved 1048576K
}
Event: 4.315 GC heap before
{Heap before GC invocations=10 (full 0):
 PSYoungGen      total 290304K, used 274663K [0x00000000eab00000, 0x00000000fe000000, 0x0000000100000000)
  eden space 265216K, 100% used [0x00000000eab00000,0x00000000fae00000,0x00000000fae00000)
  from space 25088K, 37% used [0x00000000fae00000,0x00000000fb739c08,0x00000000fc680000)
  to   space 24064K, 0% used [0x00000000fc680000,0x00000000fc680000,0x00000000fde00000)
 ParOldGen       total 87552K, used 61884K [0x00000000c0000000, 0x00000000c5580000, 0x00000000eab00000)
  object space 87552K, 70% used [0x00000000c0000000,0x00000000c3c6f290,0x00000000c5580000)
 Metaspace       used 16015K, capacity 17016K, committed 17152K, reserved 1064960K
  class space    used 1989K, capacity 2218K, committed 2304K, reserved 1048576K
Event: 4.329 GC heap after
Heap after GC invocations=10 (full 0):
 PSYoungGen      total 289280K, used 6868K [0x00000000eab00000, 0x00000000fe000000, 0x0000000100000000)
  eden space 265216K, 0% used [0x00000000eab00000,0x00000000eab00000,0x00000000fae00000)
  from space 24064K, 28% used [0x00000000fc680000,0x00000000fcd35110,0x00000000fde00000)
  to   space 25088K, 0% used [0x00000000fae00000,0x00000000fae00000,0x00000000fc680000)
 ParOldGen       total 87552K, used 68038K [0x00000000c0000000, 0x00000000c5580000, 0x00000000eab00000)
  object space 87552K, 77% used [0x00000000c0000000,0x00000000c42718e0,0x00000000c5580000)
 Metaspace       used 16015K, capacity 17016K, committed 17152K, reserved 1064960K
  class space    used 1989K, capacity 2218K, committed 2304K, reserved 1048576K
}
Event: 4.783 GC heap before
{Heap before GC invocations=11 (full 0):
 PSYoungGen      total 289280K, used 272084K [0x00000000eab00000, 0x00000000fe000000, 0x0000000100000000)
  eden space 265216K, 100% used [0x00000000eab00000,0x00000000fae00000,0x00000000fae00000)
  from space 24064K, 28% used [0x00000000fc680000,0x00000000fcd35110,0x00000000fde00000)
  to   space 25088K, 0% used [0x00000000fae00000,0x00000000fae00000,0x00000000fc680000)
 ParOldGen       total 87552K, used 68038K [0x00000000c0000000, 0x00000000c5580000, 0x00000000eab00000)
  object space 87552K, 77% used [0x00000000c0000000,0x00000000c42718e0,0x00000000c5580000)
 Metaspace       used 16075K, capacity 17144K, committed 17408K, reserved 1064960K
  class space    used 1989K, capacity 2218K, committed 2304K, reserved 1048576K
Event: 4.796 GC heap after
Heap after GC invocations=11 (full 0):
 PSYoungGen      total 290304K, used 3104K [0x00000000eab00000, 0x00000000fe000000, 0x0000000100000000)
  eden space 265216K, 0% used [0x00000000eab00000,0x00000000eab00000,0x00000000fae00000)
  from space 25088K, 12% used [0x00000000fae00000,0x00000000fb108000,0x00000000fc680000)
  to   space 24064K, 0% used [0x00000000fc680000,0x00000000fc680000,0x00000000fde00000)
 ParOldGen       total 87552K, used 74386K [0x00000000c0000000, 0x00000000c5580000, 0x00000000eab00000)
  object space 87552K, 84% used [0x00000000c0000000,0x00000000c48a48f0,0x00000000c5580000)
 Metaspace       used 16075K, capacity 17144K, committed 17408K, reserved 1064960K
  class space    used 1989K, capacity 2218K, committed 2304K, reserved 1048576K
}
Event: 4.796 GC heap before
{Heap before GC invocations=12 (full 1):
 PSYoungGen      total 290304K, used 3104K [0x00000000eab00000, 0x00000000fe000000, 0x0000000100000000)
  eden space 265216K, 0% used [0x00000000eab00000,0x00000000eab00000,0x00000000fae00000)
  from space 25088K, 12% used [0x00000000fae00000,0x00000000fb108000,0x00000000fc680000)
  to   space 24064K, 0% used [0x00000000fc680000,0x00000000fc680000,0x00000000fde00000)
 ParOldGen       total 87552K, used 74386K [0x00000000c0000000, 0x00000000c5580000, 0x00000000eab00000)
  object space 87552K, 84% used [0x00000000c0000000,0x00000000c48a48f0,0x00000000c5580000)
 Metaspace       used 16075K, capacity 17144K, committed 17408K, reserved 1064960K
  class space    used 1989K, capacity 2218K, committed 2304K, reserved 1048576K
Event: 5.023 GC heap after
Heap after GC invocations=12 (full 1):
 PSYoungGen      total 290304K, used 0K [0x00000000eab00000, 0x00000000fe000000, 0x0000000100000000)
  eden space 265216K, 0% used [0x00000000eab00000,0x00000000eab00000,0x00000000fae00000)
  from space 25088K, 0% used [0x00000000fae00000,0x00000000fae00000,0x00000000fc680000)
  to   space 24064K, 0% used [0x00000000fc680000,0x00000000fc680000,0x00000000fde00000)
 ParOldGen       total 87552K, used 41263K [0x00000000c0000000, 0x00000000c5580000, 0x00000000eab00000)
  object space 87552K, 47% used [0x00000000c0000000,0x00000000c284bfa8,0x00000000c5580000)
 Metaspace       used 15868K, capacity 16658K, committed 17408K, reserved 1064960K
  class space    used 1912K, capacity 2085K, committed 2304K, reserved 1048576K
}

Deoptimization events (10 events):
Event: 3.276 Thread 0x0000000018c32000 Uncommon trap: reason=bimorphic action=maybe_recompile pc=0x00000000033559c8 method=java.util.Arrays.equals([Ljava/lang/Object;[Ljava/lang/Object;)Z @ 62
Event: 3.448 Thread 0x0000000018b04000 Uncommon trap: reason=class_check action=maybe_recompile pc=0x00000000038586d4 method=com.android.tools.r8.u.a.h.e.b(Lcom/android/tools/r8/u/b/d0;)V @ 244
Event: 3.477 Thread 0x0000000018b04000 Uncommon trap: reason=unstable_if action=reinterpret pc=0x0000000003be3c34 method=com.android.tools.r8.u.c.o.a(Lcom/android/tools/r8/u/c/M;IZ)V @ 605
Event: 3.546 Thread 0x0000000018b04000 Uncommon trap: reason=class_check action=maybe_recompile pc=0x0000000003857e8c method=com.android.tools.r8.u.a.h.e.b(Lcom/android/tools/r8/u/b/d0;)V @ 142
Event: 3.581 Thread 0x0000000018b04000 Uncommon trap: reason=unstable_if action=reinterpret pc=0x000000000302e7a8 method=java.util.HashMap.resize()[Ljava/util/HashMap$Node; @ 206
Event: 3.769 Thread 0x0000000018c31000 Uncommon trap: reason=unstable_if action=reinterpret pc=0x000000000372cc94 method=com.android.tools.r8.graph.d0.a([C)I @ 44
Event: 4.303 Thread 0x0000000018b04000 Uncommon trap: reason=class_check action=maybe_recompile pc=0x0000000003857e8c method=com.android.tools.r8.u.a.h.e.b(Lcom/android/tools/r8/u/b/d0;)V @ 142
Event: 4.359 Thread 0x0000000018c32000 Uncommon trap: reason=unstable_if action=reinterpret pc=0x00000000037cb574 method=com.android.tools.r8.ir.regalloc.a.compareTo(Ljava/lang/Object;)I @ 81
Event: 4.360 Thread 0x0000000018c32000 Uncommon trap: reason=unstable_if action=reinterpret pc=0x0000000003c30db0 method=java.util.TreeMap.compare(Ljava/lang/Object;Ljava/lang/Object;)I @ 4
Event: 4.477 Thread 0x0000000018b04000 Uncommon trap: reason=unstable_if action=reinterpret pc=0x0000000003b71310 method=com.android.tools.r8.v.a.a.a.f.x0$e.contains(Ljava/lang/Object;)Z @ 124

Classes redefined (0 events):
No events

Internal exceptions (10 events):
Event: 0.686 Thread 0x0000000002db3000 Implicit null exception at 0x0000000003115878 to 0x0000000003115d2d
Event: 1.879 Thread 0x0000000018c31000 Exception <a 'java/lang/NoSuchMethodError': java.lang.Object.lambda$comparingInt$7b0bb60$1(Ljava/util/function/ToIntFunction;Ljava/lang/Object;Ljava/lang/Object;)I> (0x00000000ebc3a230) thrown at [C:\re\workspace\8-2-build-windows-amd64-cygwin\jdk8u201\12
Event: 1.879 Thread 0x0000000018b03800 Exception <a 'java/lang/NoSuchMethodError': java.lang.Object.lambda$comparingInt$7b0bb60$1(Ljava/util/function/ToIntFunction;Ljava/lang/Object;Ljava/lang/Object;)I> (0x00000000ebe0ba88) thrown at [C:\re\workspace\8-2-build-windows-amd64-cygwin\jdk8u201\12
Event: 1.879 Thread 0x0000000018c32000 Exception <a 'java/lang/NoSuchMethodError': java.lang.Object.lambda$comparingInt$7b0bb60$1(Ljava/util/function/ToIntFunction;Ljava/lang/Object;Ljava/lang/Object;)I> (0x00000000ebd754c8) thrown at [C:\re\workspace\8-2-build-windows-amd64-cygwin\jdk8u201\12
Event: 1.879 Thread 0x0000000018b04000 Exception <a 'java/lang/NoSuchMethodError': java.lang.Object.lambda$comparingInt$7b0bb60$1(Ljava/util/function/ToIntFunction;Ljava/lang/Object;Ljava/lang/Object;)I> (0x00000000ebcdc2e0) thrown at [C:\re\workspace\8-2-build-windows-amd64-cygwin\jdk8u201\12
Event: 1.880 Thread 0x0000000018b03800 Exception <a 'java/lang/NoSuchMethodError': java.lang.Object.lambda$maxBy$1(Ljava/util/Comparator;Ljava/lang/Object;Ljava/lang/Object;)Ljava/lang/Object;> (0x00000000ebe17958) thrown at [C:\re\workspace\8-2-build-windows-amd64-cygwin\jdk8u201\12322\hotspo
Event: 1.880 Thread 0x0000000018c31000 Exception <a 'java/lang/NoSuchMethodError': java.lang.Object.lambda$maxBy$1(Ljava/util/Comparator;Ljava/lang/Object;Ljava/lang/Object;)Ljava/lang/Object;> (0x00000000ebc44fd8) thrown at [C:\re\workspace\8-2-build-windows-amd64-cygwin\jdk8u201\12322\hotspo
Event: 1.880 Thread 0x0000000018c32000 Exception <a 'java/lang/NoSuchMethodError': java.lang.Object.lambda$maxBy$1(Ljava/util/Comparator;Ljava/lang/Object;Ljava/lang/Object;)Ljava/lang/Object;> (0x00000000ebd7fe08) thrown at [C:\re\workspace\8-2-build-windows-amd64-cygwin\jdk8u201\12322\hotspo
Event: 1.880 Thread 0x0000000018b04000 Exception <a 'java/lang/NoSuchMethodError': java.lang.Object.lambda$maxBy$1(Ljava/util/Comparator;Ljava/lang/Object;Ljava/lang/Object;)Ljava/lang/Object;> (0x00000000ebce72c8) thrown at [C:\re\workspace\8-2-build-windows-amd64-cygwin\jdk8u201\12322\hotspo
Event: 1.926 Thread 0x0000000018c32000 Implicit null exception at 0x00000000032d622f to 0x00000000032d62cd

Events (10 events):
Event: 5.088 Thread 0x00000000177e6000 flushing nmethod 0x0000000003638410
Event: 5.088 Thread 0x00000000177e6000 flushing nmethod 0x000000000363d190
Event: 5.088 Thread 0x00000000177e6000 flushing nmethod 0x0000000003641c50
Event: 5.088 Thread 0x00000000177e6000 flushing nmethod 0x0000000003648710
Event: 5.088 Thread 0x00000000177e6000 flushing nmethod 0x000000000365fa50
Event: 5.088 Thread 0x00000000177e6000 flushing nmethod 0x0000000003660d10
Event: 5.088 Thread 0x00000000177e6000 flushing nmethod 0x0000000003664510
Event: 5.088 Thread 0x00000000177e6000 flushing nmethod 0x0000000003666910
Event: 5.088 Thread 0x00000000177e6000 flushing nmethod 0x0000000003667350
Event: 5.088 Thread 0x00000000177e6000 flushing nmethod 0x000000000366e910


Dynamic libraries:
0x00007ff6dc420000 - 0x00007ff6dc457000 	C:\Program Files\Java\jdk1.8.0_201\bin\java.exe
0x00007ff8faaa0000 - 0x00007ff8fac90000 	C:\WINDOWS\SYSTEM32\ntdll.dll
0x00007ff8f54d0000 - 0x00007ff8f54e2000 	C:\Program Files\AVAST Software\Avast\aswhook.dll
0x00007ff8fa9a0000 - 0x00007ff8faa52000 	C:\WINDOWS\System32\KERNEL32.DLL
0x00007ff8f7bc0000 - 0x00007ff8f7e64000 	C:\WINDOWS\System32\KERNELBASE.dll
0x00007ff8fa440000 - 0x00007ff8fa4e3000 	C:\WINDOWS\System32\ADVAPI32.dll
0x00007ff8f8cd0000 - 0x00007ff8f8d6e000 	C:\WINDOWS\System32\msvcrt.dll
0x00007ff8f9860000 - 0x00007ff8f98f7000 	C:\WINDOWS\System32\sechost.dll
0x00007ff8fa4f0000 - 0x00007ff8fa610000 	C:\WINDOWS\System32\RPCRT4.dll
0x00007ff8f8f10000 - 0x00007ff8f90a5000 	C:\WINDOWS\System32\USER32.dll
0x00007ff8f7b90000 - 0x00007ff8f7bb1000 	C:\WINDOWS\System32\win32u.dll
0x00007ff8f8ca0000 - 0x00007ff8f8cc6000 	C:\WINDOWS\System32\GDI32.dll
0x00007ff8f7ef0000 - 0x00007ff8f8086000 	C:\WINDOWS\System32\gdi32full.dll
0x00007ff8f8090000 - 0x00007ff8f812e000 	C:\WINDOWS\System32\msvcp_win.dll
0x00007ff8f89f0000 - 0x00007ff8f8aea000 	C:\WINDOWS\System32\ucrtbase.dll
0x00007ff8e4070000 - 0x00007ff8e42f4000 	C:\WINDOWS\WinSxS\amd64_microsoft.windows.common-controls_6595b64144ccf1df_6.0.18362.1016_none_9e7a36bbe461dae4\COMCTL32.dll
0x00007ff8fa100000 - 0x00007ff8fa435000 	C:\WINDOWS\System32\combase.dll
0x00007ff8f8130000 - 0x00007ff8f81b0000 	C:\WINDOWS\System32\bcryptPrimitives.dll
0x00007ff8f9830000 - 0x00007ff8f985e000 	C:\WINDOWS\System32\IMM32.DLL
0x000000005dd80000 - 0x000000005de51000 	C:\Program Files\Java\jdk1.8.0_201\jre\bin\msvcr100.dll
0x000000005ce20000 - 0x000000005d6c4000 	C:\Program Files\Java\jdk1.8.0_201\jre\bin\server\jvm.dll
0x00007ff8f90b0000 - 0x00007ff8f90b8000 	C:\WINDOWS\System32\PSAPI.DLL
0x00007ff8e7fb0000 - 0x00007ff8e7fb9000 	C:\WINDOWS\SYSTEM32\WSOCK32.dll
0x00007ff8fa670000 - 0x00007ff8fa6df000 	C:\WINDOWS\System32\WS2_32.dll
0x00007ff8f5460000 - 0x00007ff8f5484000 	C:\WINDOWS\SYSTEM32\WINMM.dll
0x00007ff8ee2f0000 - 0x00007ff8ee2fa000 	C:\WINDOWS\SYSTEM32\VERSION.dll
0x00007ff8f5300000 - 0x00007ff8f532d000 	C:\WINDOWS\SYSTEM32\WINMMBASE.dll
0x00007ff8f7ea0000 - 0x00007ff8f7eea000 	C:\WINDOWS\System32\cfgmgr32.dll
0x00007ff8e97c0000 - 0x00007ff8e97cf000 	C:\Program Files\Java\jdk1.8.0_201\jre\bin\verify.dll
0x00007ff8e9790000 - 0x00007ff8e97b9000 	C:\Program Files\Java\jdk1.8.0_201\jre\bin\java.dll
0x00007ff8e43b0000 - 0x00007ff8e43c6000 	C:\Program Files\Java\jdk1.8.0_201\jre\bin\zip.dll
0x00007ff8f9960000 - 0x00007ff8fa047000 	C:\WINDOWS\System32\SHELL32.dll
0x00007ff8f92a0000 - 0x00007ff8f9349000 	C:\WINDOWS\System32\shcore.dll
0x00007ff8f81b0000 - 0x00007ff8f8932000 	C:\WINDOWS\System32\windows.storage.dll
0x00007ff8f7960000 - 0x00007ff8f7983000 	C:\WINDOWS\System32\profapi.dll
0x00007ff8f79b0000 - 0x00007ff8f79fa000 	C:\WINDOWS\System32\powrprof.dll
0x00007ff8f7950000 - 0x00007ff8f7960000 	C:\WINDOWS\System32\UMPDC.dll
0x00007ff8f9350000 - 0x00007ff8f93a2000 	C:\WINDOWS\System32\shlwapi.dll
0x00007ff8f7990000 - 0x00007ff8f79a1000 	C:\WINDOWS\System32\kernel.appcore.dll
0x00007ff8f7a20000 - 0x00007ff8f7a37000 	C:\WINDOWS\System32\cryptsp.dll
0x00007ff8e31a0000 - 0x00007ff8e31ba000 	C:\Program Files\Java\jdk1.8.0_201\jre\bin\net.dll
0x00007ff8e9ce0000 - 0x00007ff8e9eb6000 	C:\WINDOWS\SYSTEM32\urlmon.dll
0x00007ff8ea110000 - 0x00007ff8ea3b6000 	C:\WINDOWS\SYSTEM32\iertutil.dll
0x00007ff8f7380000 - 0x00007ff8f738c000 	C:\WINDOWS\SYSTEM32\CRYPTBASE.DLL
0x00007ff8f71b0000 - 0x00007ff8f7217000 	C:\WINDOWS\system32\mswsock.dll
0x00007ff8e2d30000 - 0x00007ff8e2d41000 	C:\Program Files\Java\jdk1.8.0_201\jre\bin\nio.dll

VM Arguments:
jvm_args: -Xmx1G 
java_command: com.android.tools.r8.D8 --debug --min-api 21 --output obj\Debug\90\android\bin\ --lib C:\Program Files (x86)\Android\android-sdk\platforms\android-28\android.jar obj\Debug\90\android\bin\classes.zip C:\Program Files (x86)\Microsoft Visual Studio\2019\Community\Common7\IDE\ReferenceAssemblies\Microsoft\Framework\MonoAndroid\v9.0\mono.android.jar C:\Program Files (x86)\Microsoft Visual Studio\2019\Community\MSBuild\Xamarin\Android\java_runtime_fastdev.jar obj\Debug\90\lp\0\jl\formsviewgroup.jar obj\Debug\90\lp\1\jl\android.arch.core.common.jar obj\Debug\90\lp\10\jl\bin\classes.jar obj\Debug\90\lp\11\jl\com.android.support.collections.jar obj\Debug\90\lp\12\jl\bin\classes.jar obj\Debug\90\lp\13\jl\bin\classes.jar obj\Debug\90\lp\14\jl\bin\classes.jar obj\Debug\90\lp\15\jl\bin\classes.jar obj\Debug\90\lp\16\jl\bin\classes.jar obj\Debug\90\lp\17\jl\bin\classes.jar obj\Debug\90\lp\18\jl\bin\classes.jar obj\Debug\90\lp\19\jl\bin\classes.jar obj\Debug\90\lp\2\jl\bin\classes.jar obj\Debug\90\lp\20\jl\bin\classes.jar obj\Debug\90\lp\21\jl\bin\classes.jar obj\Debug\90\lp\22\jl\bin\classes.jar obj\Debug\90\lp\23\jl\bin\classes.jar obj\Debug\90\lp\24\jl\bin\classes.jar obj\Debug\90\lp\25\jl\bin\classes.jar obj\Debug\90\lp\26\jl\bin\classes.jar obj\Debug\90\lp\27\jl\bin\classes.jar obj\Debug\90\lp\28\jl\bin\classes.jar obj\Debug\90\lp\29\jl\bin\classes.jar obj\Debug\90\lp\3\jl\android.arch.lifecycle.common.jar obj\Debug\90\lp\30\jl\bin\classes.jar obj\Debug\90\lp\32\jl\bin\classes.jar obj\Debug\90\lp\33\jl\bin\classes.jar obj\Debug\90\lp\34\jl\bin\classes.jar obj\Debug\90\lp\35\jl\bin\classes.jar obj\Debug\90\lp\36\jl\bin\classes.jar obj\Debug\90\lp\37\jl\bin\classes.jar obj\Debug\90\lp\4\jl\bin\classes.jar obj\Debug\90\lp\5\jl\bin\classes.jar obj\Debug\90\lp\6\jl\bin\classes.jar obj\Debug\90\lp\7\jl\bin\classes.jar obj\Debug\90\lp\8\jl\bin\classes.jar obj\Debug\90\lp\9\jl\com.android.support.support-annotations.jar
java_class_path (initial): C:\Program Files (x86)\Microsoft Visual Studio\2019\Community\MSBuild\Xamarin\Android\r8.jar
Launcher Type: SUN_STANDARD

Environment Variables:
JAVA_HOME=C:\Program Files\Java\jdk1.8.0_201
PATH=C:\Program Files\Java\jdk1.8.0_201\bin;C:\WINDOWS\system32;C:\WINDOWS;C:\WINDOWS\System32\Wbem;C:\WINDOWS\System32\WindowsPowerShell\v1.0\;C:\WINDOWS\System32\OpenSSH\;C:\Program Files\Microsoft SQL Server\Client SDK\ODBC\130\Tools\Binn\;C:\Program Files (x86)\Microsoft SQL Server\140\Tools\Binn\;C:\Program Files\Microsoft SQL Server\140\Tools\Binn\;C:\Program Files\Microsoft SQL Server\140\DTS\Binn\;C:\Program Files (x86)\Microsoft SQL Server\110\Tools\Binn\;C:\Program Files\Microsoft SQL Server\110\Tools\Binn\;C:\Program Files\Microsoft SQL Server\110\DTS\Binn\;C:\Program Files\dotnet\;C:\Program Files\Microsoft SQL Server\130\Tools\Binn\;C:\Program Files\Microsoft SQL Server\120\Tools\Binn\;C:\Program Files\Git\cmd;C:\Program Files (x86)\Microsoft SQL Server\150\DTS\Binn\;C:\Program Files\Microsoft SQL Server\Client SDK\ODBC\170\Tools\Binn\;C:\Program Files\nodejs\;C:\Users\Pedro René González\AppData\Local\Microsoft\WindowsApps;;C:\Users\Pedro René González\AppData\Local\Programs\Microsoft VS Code\bin;C:\Users\Pedro René González\.dotnet\tools;C:\Users\Pedro René González\AppData\Local\Microsoft\WindowsApps;C:\Users\Pedro René González\AppData\Roaming\npm;C:\Users\Pedro René González\.dotnet\tools
USERNAME=Pedro René González
OS=Windows_NT
PROCESSOR_IDENTIFIER=Intel64 Family 6 Model 42 Stepping 7, GenuineIntel



---------------  S Y S T E M  ---------------

OS: Windows 10.0 , 64 bit Build 18362 (10.0.18362.959)

CPU:total 8 (initial active 8) (4 cores per cpu, 2 threads per core) family 6 model 42 stepping 7, cmov, cx8, fxsr, mmx, sse, sse2, sse3, ssse3, sse4.1, sse4.2, popcnt, avx, aes, clmul, ht, tsc, tscinvbit

Memory: 4k page, physical 8335212k(1265204k free), swap 8335212k(5752k free)

vm_info: Java HotSpot(TM) 64-Bit Server VM (25.201-b09) for windows-amd64 JRE (1.8.0_201-b09), built on Dec 15 2018 18:36:39 by "java_re" with MS VC++ 10.0 (VS2010)

time: Mon Sep 07 23:08:21 2020
timezone: Hora estándar de Argentina
elapsed time: 5 seconds (0d 0h 0m 5s)

