#
# There is insufficient memory for the Java Runtime Environment to continue.
# Native memory allocation (malloc) failed to allocate 32744 bytes for ChunkPool::allocate
# Possible reasons:
#   The system is out of physical RAM or swap space
#   The process is running with CompressedOops enabled, and the Java Heap may be blocking the growth of the native heap
# Possible solutions:
#   Reduce memory load on the system
#   Increase physical memory or swap space
#   Check if swap backing store is full
#   Decrease Java heap size (-Xmx/-Xms)
#   Decrease number of Java threads
#   Decrease Java thread stack sizes (-Xss)
#   Set larger code cache with -XX:ReservedCodeCacheSize=
#   JVM is running with Unscaled Compressed Oops mode in which the Java heap is
#     placed in the first 4GB address space. The Java Heap base address is the
#     maximum limit for the native heap growth. Please use -XX:HeapBaseMinAddress
#     to set the Java Heap base and to place the Java Heap above 4GB virtual address.
# This output file may be truncated or incomplete.
#
#  Out of Memory Error (allocation.cpp:273), pid=15920, tid=0x0000000000004754
#
# JRE version: Java(TM) SE Runtime Environment (8.0_201-b09) (build 1.8.0_201-b09)
# Java VM: Java HotSpot(TM) 64-Bit Server VM (25.201-b09 mixed mode windows-amd64 compressed oops)
# Failed to write core dump. Minidumps are not enabled by default on client versions of Windows
#

---------------  T H R E A D  ---------------

Current thread (0x00000000190ca800):  JavaThread "C2 CompilerThread2" daemon [_thread_in_native, id=18260, stack(0x0000000019ba0000,0x0000000019ca0000)]

Stack: [0x0000000019ba0000,0x0000000019ca0000]
[error occurred during error reporting (printing stack bounds), id 0xc0000005]

Native frames: (J=compiled Java code, j=interpreted, Vv=VM code, C=native code)


Current CompileTask:
C2:    758  483 %     4       sun.nio.cs.UTF_8$Decoder::decodeArrayLoop @ 73 (691 bytes)


---------------  P R O C E S S  ---------------

Java Threads: ( => current thread )
  0x0000000019152800 JavaThread "Service Thread" daemon [_thread_blocked, id=14492, stack(0x0000000019da0000,0x0000000019ea0000)]
  0x00000000190e6000 JavaThread "C1 CompilerThread3" daemon [_thread_in_native, id=4960, stack(0x0000000019ca0000,0x0000000019da0000)]
=>0x00000000190ca800 JavaThread "C2 CompilerThread2" daemon [_thread_in_native, id=18260, stack(0x0000000019ba0000,0x0000000019ca0000)]
  0x00000000190c6800 JavaThread "C2 CompilerThread1" daemon [_thread_in_vm, id=9328, stack(0x0000000019aa0000,0x0000000019ba0000)]
  0x00000000190b4000 JavaThread "C2 CompilerThread0" daemon [_thread_in_native, id=16728, stack(0x00000000199a0000,0x0000000019aa0000)]
  0x00000000190b3000 JavaThread "Attach Listener" daemon [_thread_blocked, id=7324, stack(0x00000000198a0000,0x00000000199a0000)]
  0x00000000190b1000 JavaThread "Signal Dispatcher" daemon [_thread_blocked, id=9352, stack(0x00000000197a0000,0x00000000198a0000)]
  0x00000000190a1800 JavaThread "Finalizer" daemon [_thread_blocked, id=15040, stack(0x0000000019580000,0x0000000019680000)]
  0x00000000190a0800 JavaThread "Reference Handler" daemon [_thread_blocked, id=13596, stack(0x0000000019480000,0x0000000019580000)]
  0x00000000021c2800 JavaThread "main" [_thread_in_vm, id=15916, stack(0x00000000020c0000,0x00000000021c0000)]

Other Threads:
  0x00000000172ba000 VMThread [stack: 0x0000000018f80000,0x0000000019080000] [id=32]
  0x000000001911f800 WatcherThread [stack: 0x0000000019ea0000,0x0000000019fa0000] [id=9984]

VM state:not at safepoint (normal execution)

VM Mutex/Monitor currently owned by a thread:  ([mutex/lock_event])
[0x00000000021c0ad0] MethodData_lock - owner thread: 0x00000000021c2800

heap address: 0x0000000080c00000, size: 2036 MB, Compressed Oops mode: 32-bit
Narrow klass base: 0x0000000000000000, Narrow klass shift: 3
Compressed class space size: 1073741824 Address: 0x0000000100000000

Heap:
 PSYoungGen      total 4096K, used 2334K [0x00000000d5980000, 0x00000000d6180000, 0x0000000100000000)
  eden space 3072K, 43% used [0x00000000d5980000,0x00000000d5acdf30,0x00000000d5c80000)
  from space 1024K, 97% used [0x00000000d6080000,0x00000000d6179aa8,0x00000000d6180000)
  to   space 512K, 0% used [0x00000000d5c80000,0x00000000d5c80000,0x00000000d5d00000)
 ParOldGen       total 5632K, used 1326K [0x0000000080c00000, 0x0000000081180000, 0x00000000d5980000)
  object space 5632K, 23% used [0x0000000080c00000,0x0000000080d4bb38,0x0000000081180000)
 Metaspace       used 7282K, capacity 8244K, committed 8448K, reserved 1056768K
  class space    used 884K, capacity 944K, committed 1024K, reserved 1048576K

Card table byte_map: [0x0000000011680000,0x0000000011a80000] byte_map_base: 0x000000001127a000

Marking Bits: (ParMarkBitMap*) 0x000000005d644ce0
 Begin Bits: [0x0000000012530000, 0x0000000014500000)
 End Bits:   [0x0000000014500000, 0x00000000164d0000)

Polling page: 0x0000000001f40000

CodeCache: size=245760Kb used=2277Kb max_used=2298Kb free=243482Kb
 bounds [0x00000000022c0000, 0x0000000002530000, 0x00000000112c0000]
 total_blobs=750 nmethods=463 adapters=200
 compilation: enabled

Compilation events (10 events):
Event: 0.745 Thread 0x00000000190ca800 nmethod 464 0x00000000024fc110 code [0x00000000024fc260, 0x00000000024fc378]
Event: 0.745 Thread 0x00000000190c6800 nmethod 462 0x00000000024fc490 code [0x00000000024fc5e0, 0x00000000024fc6f8]
Event: 0.746 Thread 0x00000000190ca800  477       4       com.sun.tools.javac.parser.UnicodeReader::putChar (41 bytes)
Event: 0.747 Thread 0x00000000190c6800  479       4       com.sun.tools.javac.util.Name$Table::equals (44 bytes)
Event: 0.748 Thread 0x00000000190b4000 nmethod 460 0x00000000024ffad0 code [0x00000000024ffc00, 0x00000000024ffe78]
Event: 0.748 Thread 0x00000000190b4000  481       4       com.sun.tools.javac.parser.JavaTokenizer::scanIdent (739 bytes)
Event: 0.748 Thread 0x00000000190ca800 nmethod 477 0x00000000024fbc50 code [0x00000000024fbda0, 0x00000000024fbf28]
Event: 0.750 Thread 0x00000000190c6800 nmethod 479 0x00000000024fa3d0 code [0x00000000024fa500, 0x00000000024fa6b8]
Event: 0.753 Thread 0x00000000190ca800  483 %     4       sun.nio.cs.UTF_8$Decoder::decodeArrayLoop @ 73 (691 bytes)
Event: 0.756 Thread 0x00000000190c6800  484   !   4       com.sun.tools.javac.parser.JavaTokenizer::readToken (2243 bytes)

GC Heap History (10 events):
Event: 0.308 GC heap before
{Heap before GC invocations=2 (full 0):
 PSYoungGen      total 2048K, used 2016K [0x00000000d5980000, 0x00000000d5c00000, 0x0000000100000000)
  eden space 1536K, 100% used [0x00000000d5980000,0x00000000d5b00000,0x00000000d5b00000)
  from space 512K, 93% used [0x00000000d5b00000,0x00000000d5b78020,0x00000000d5b80000)
  to   space 512K, 0% used [0x00000000d5b80000,0x00000000d5b80000,0x00000000d5c00000)
 ParOldGen       total 5632K, used 40K [0x0000000080c00000, 0x0000000081180000, 0x00000000d5980000)
  object space 5632K, 0% used [0x0000000080c00000,0x0000000080c0a000,0x0000000081180000)
 Metaspace       used 3913K, capacity 5324K, committed 5504K, reserved 1056768K
  class space    used 458K, capacity 520K, committed 640K, reserved 1048576K
Event: 0.310 GC heap after
Heap after GC invocations=2 (full 0):
 PSYoungGen      total 2048K, used 496K [0x00000000d5980000, 0x00000000d5d80000, 0x0000000100000000)
  eden space 1536K, 0% used [0x00000000d5980000,0x00000000d5980000,0x00000000d5b00000)
  from space 512K, 96% used [0x00000000d5b80000,0x00000000d5bfc030,0x00000000d5c00000)
  to   space 512K, 0% used [0x00000000d5b00000,0x00000000d5b00000,0x00000000d5b80000)
 ParOldGen       total 5632K, used 144K [0x0000000080c00000, 0x0000000081180000, 0x00000000d5980000)
  object space 5632K, 2% used [0x0000000080c00000,0x0000000080c24000,0x0000000081180000)
 Metaspace       used 3913K, capacity 5324K, committed 5504K, reserved 1056768K
  class space    used 458K, capacity 520K, committed 640K, reserved 1048576K
}
Event: 0.348 GC heap before
{Heap before GC invocations=3 (full 0):
 PSYoungGen      total 2048K, used 2032K [0x00000000d5980000, 0x00000000d5d80000, 0x0000000100000000)
  eden space 1536K, 100% used [0x00000000d5980000,0x00000000d5b00000,0x00000000d5b00000)
  from space 512K, 96% used [0x00000000d5b80000,0x00000000d5bfc030,0x00000000d5c00000)
  to   space 512K, 0% used [0x00000000d5b00000,0x00000000d5b00000,0x00000000d5b80000)
 ParOldGen       total 5632K, used 144K [0x0000000080c00000, 0x0000000081180000, 0x00000000d5980000)
  object space 5632K, 2% used [0x0000000080c00000,0x0000000080c24000,0x0000000081180000)
 Metaspace       used 4427K, capacity 5772K, committed 6016K, reserved 1056768K
  class space    used 534K, capacity 584K, committed 640K, reserved 1048576K
Event: 0.349 GC heap after
Heap after GC invocations=3 (full 0):
 PSYoungGen      total 2048K, used 480K [0x00000000d5980000, 0x00000000d5d80000, 0x0000000100000000)
  eden space 1536K, 0% used [0x00000000d5980000,0x00000000d5980000,0x00000000d5b00000)
  from space 512K, 93% used [0x00000000d5b00000,0x00000000d5b78020,0x00000000d5b80000)
  to   space 512K, 0% used [0x00000000d5d00000,0x00000000d5d00000,0x00000000d5d80000)
 ParOldGen       total 5632K, used 620K [0x0000000080c00000, 0x0000000081180000, 0x00000000d5980000)
  object space 5632K, 11% used [0x0000000080c00000,0x0000000080c9b030,0x0000000081180000)
 Metaspace       used 4427K, capacity 5772K, committed 6016K, reserved 1056768K
  class space    used 534K, capacity 584K, committed 640K, reserved 1048576K
}
Event: 0.392 GC heap before
{Heap before GC invocations=4 (full 0):
 PSYoungGen      total 2048K, used 2016K [0x00000000d5980000, 0x00000000d5d80000, 0x0000000100000000)
  eden space 1536K, 100% used [0x00000000d5980000,0x00000000d5b00000,0x00000000d5b00000)
  from space 512K, 93% used [0x00000000d5b00000,0x00000000d5b78020,0x00000000d5b80000)
  to   space 512K, 0% used [0x00000000d5d00000,0x00000000d5d00000,0x00000000d5d80000)
 ParOldGen       total 5632K, used 620K [0x0000000080c00000, 0x0000000081180000, 0x00000000d5980000)
  object space 5632K, 11% used [0x0000000080c00000,0x0000000080c9b030,0x0000000081180000)
 Metaspace       used 4950K, capacity 6220K, committed 6400K, reserved 1056768K
  class space    used 605K, capacity 648K, committed 768K, reserved 1048576K
Event: 0.392 GC heap after
Heap after GC invocations=4 (full 0):
 PSYoungGen      total 3584K, used 496K [0x00000000d5980000, 0x00000000d5d80000, 0x0000000100000000)
  eden space 3072K, 0% used [0x00000000d5980000,0x00000000d5980000,0x00000000d5c80000)
  from space 512K, 96% used [0x00000000d5d00000,0x00000000d5d7c030,0x00000000d5d80000)
  to   space 512K, 0% used [0x00000000d5c80000,0x00000000d5c80000,0x00000000d5d00000)
 ParOldGen       total 5632K, used 712K [0x0000000080c00000, 0x0000000081180000, 0x00000000d5980000)
  object space 5632K, 12% used [0x0000000080c00000,0x0000000080cb2040,0x0000000081180000)
 Metaspace       used 4950K, capacity 6220K, committed 6400K, reserved 1056768K
  class space    used 605K, capacity 648K, committed 768K, reserved 1048576K
}
Event: 0.472 GC heap before
{Heap before GC invocations=5 (full 0):
 PSYoungGen      total 3584K, used 3568K [0x00000000d5980000, 0x00000000d5d80000, 0x0000000100000000)
  eden space 3072K, 100% used [0x00000000d5980000,0x00000000d5c80000,0x00000000d5c80000)
  from space 512K, 96% used [0x00000000d5d00000,0x00000000d5d7c030,0x00000000d5d80000)
  to   space 512K, 0% used [0x00000000d5c80000,0x00000000d5c80000,0x00000000d5d00000)
 ParOldGen       total 5632K, used 712K [0x0000000080c00000, 0x0000000081180000, 0x00000000d5980000)
  object space 5632K, 12% used [0x0000000080c00000,0x0000000080cb2040,0x0000000081180000)
 Metaspace       used 6004K, capacity 7244K, committed 7552K, reserved 1056768K
  class space    used 752K, capacity 776K, committed 896K, reserved 1048576K
Event: 0.473 GC heap after
Heap after GC invocations=5 (full 0):
 PSYoungGen      total 3584K, used 496K [0x00000000d5980000, 0x00000000d6180000, 0x0000000100000000)
  eden space 3072K, 0% used [0x00000000d5980000,0x00000000d5980000,0x00000000d5c80000)
  from space 512K, 96% used [0x00000000d5c80000,0x00000000d5cfc010,0x00000000d5d00000)
  to   space 1024K, 0% used [0x00000000d6080000,0x00000000d6080000,0x00000000d6180000)
 ParOldGen       total 5632K, used 1040K [0x0000000080c00000, 0x0000000081180000, 0x00000000d5980000)
  object space 5632K, 18% used [0x0000000080c00000,0x0000000080d04050,0x0000000081180000)
 Metaspace       used 6004K, capacity 7244K, committed 7552K, reserved 1056768K
  class space    used 752K, capacity 776K, committed 896K, reserved 1048576K
}
Event: 0.709 GC heap before
{Heap before GC invocations=6 (full 0):
 PSYoungGen      total 3584K, used 3568K [0x00000000d5980000, 0x00000000d6180000, 0x0000000100000000)
  eden space 3072K, 100% used [0x00000000d5980000,0x00000000d5c80000,0x00000000d5c80000)
  from space 512K, 96% used [0x00000000d5c80000,0x00000000d5cfc010,0x00000000d5d00000)
  to   space 1024K, 0% used [0x00000000d6080000,0x00000000d6080000,0x00000000d6180000)
 ParOldGen       total 5632K, used 1040K [0x0000000080c00000, 0x0000000081180000, 0x00000000d5980000)
  object space 5632K, 18% used [0x0000000080c00000,0x0000000080d04050,0x0000000081180000)
 Metaspace       used 7077K, capacity 7988K, committed 8064K, reserved 1056768K
  class space    used 871K, capacity 880K, committed 896K, reserved 1048576K
Event: 0.711 GC heap after
Heap after GC invocations=6 (full 0):
 PSYoungGen      total 4096K, used 998K [0x00000000d5980000, 0x00000000d6180000, 0x0000000100000000)
  eden space 3072K, 0% used [0x00000000d5980000,0x00000000d5980000,0x00000000d5c80000)
  from space 1024K, 97% used [0x00000000d6080000,0x00000000d6179aa8,0x00000000d6180000)
  to   space 512K, 0% used [0x00000000d5c80000,0x00000000d5c80000,0x00000000d5d00000)
 ParOldGen       total 5632K, used 1326K [0x0000000080c00000, 0x0000000081180000, 0x00000000d5980000)
  object space 5632K, 23% used [0x0000000080c00000,0x0000000080d4bb38,0x0000000081180000)
 Metaspace       used 7077K, capacity 7988K, committed 8064K, reserved 1056768K
  class space    used 871K, capacity 880K, committed 896K, reserved 1048576K
}

Deoptimization events (6 events):
Event: 0.217 Thread 0x00000000021c2800 Uncommon trap: reason=unstable_if action=reinterpret pc=0x000000000240957c method=java.io.BufferedReader.read()I @ 19
Event: 0.218 Thread 0x00000000021c2800 Uncommon trap: reason=unstable_if action=reinterpret pc=0x0000000002409c64 method=java.io.BufferedReader.read()I @ 19
Event: 0.659 Thread 0x00000000021c2800 Uncommon trap: reason=unstable_if action=reinterpret pc=0x000000000244a39c method=java.lang.String.replace(CC)Ljava/lang/String; @ 26
Event: 0.737 Thread 0x00000000021c2800 Uncommon trap: reason=unstable_if action=reinterpret pc=0x00000000024d3d18 method=com.sun.tools.javac.parser.UnicodeReader.scanChar()V @ 37
Event: 0.739 Thread 0x00000000021c2800 Uncommon trap: reason=unstable_if action=reinterpret pc=0x00000000024d7654 method=com.sun.tools.javac.parser.UnicodeReader.scanChar()V @ 37
Event: 0.739 Thread 0x00000000021c2800 Uncommon trap: reason=unstable_if action=reinterpret pc=0x00000000024795ec method=java.lang.String.<init>([CII)V @ 18

Classes redefined (0 events):
No events

Internal exceptions (8 events):
Event: 0.046 Thread 0x00000000021c2800 Exception <a 'java/lang/NoSuchMethodError': Method sun.misc.Unsafe.defineClass(Ljava/lang/String;[BII)Ljava/lang/Class; name or signature does not match> (0x00000000d5987cd8) thrown at [C:\re\workspace\8-2-build-windows-amd64-cygwin\jdk8u201\12322\hotspot
Event: 0.046 Thread 0x00000000021c2800 Exception <a 'java/lang/NoSuchMethodError': Method sun.misc.Unsafe.prefetchRead(Ljava/lang/Object;J)V name or signature does not match> (0x00000000d5987fc0) thrown at [C:\re\workspace\8-2-build-windows-amd64-cygwin\jdk8u201\12322\hotspot\src\share\vm\prim
Event: 0.183 Thread 0x00000000021c2800 Exception <a 'java/security/PrivilegedActionException'> (0x00000000d5ae5678) thrown at [C:\re\workspace\8-2-build-windows-amd64-cygwin\jdk8u201\12322\hotspot\src\share\vm\prims\jvm.cpp, line 1502]
Event: 0.183 Thread 0x00000000021c2800 Exception <a 'java/security/PrivilegedActionException'> (0x00000000d5ae5a70) thrown at [C:\re\workspace\8-2-build-windows-amd64-cygwin\jdk8u201\12322\hotspot\src\share\vm\prims\jvm.cpp, line 1502]
Event: 0.183 Thread 0x00000000021c2800 Exception <a 'java/security/PrivilegedActionException'> (0x00000000d5ae9b68) thrown at [C:\re\workspace\8-2-build-windows-amd64-cygwin\jdk8u201\12322\hotspot\src\share\vm\prims\jvm.cpp, line 1502]
Event: 0.183 Thread 0x00000000021c2800 Exception <a 'java/security/PrivilegedActionException'> (0x00000000d5ae9f60) thrown at [C:\re\workspace\8-2-build-windows-amd64-cygwin\jdk8u201\12322\hotspot\src\share\vm\prims\jvm.cpp, line 1502]
Event: 0.191 Thread 0x00000000021c2800 Exception <a 'java/security/PrivilegedActionException'> (0x00000000d59931f0) thrown at [C:\re\workspace\8-2-build-windows-amd64-cygwin\jdk8u201\12322\hotspot\src\share\vm\prims\jvm.cpp, line 1502]
Event: 0.191 Thread 0x00000000021c2800 Exception <a 'java/security/PrivilegedActionException'> (0x00000000d59935e8) thrown at [C:\re\workspace\8-2-build-windows-amd64-cygwin\jdk8u201\12322\hotspot\src\share\vm\prims\jvm.cpp, line 1502]

Events (10 events):
Event: 0.739 Thread 0x00000000021c2800 Uncommon trap: trap_request=0xffffff65 fr.pc=0x00000000024d7654
Event: 0.739 Thread 0x00000000021c2800 DEOPT PACKING pc=0x00000000024d7654 sp=0x00000000021be120
Event: 0.739 Thread 0x00000000021c2800 DEOPT UNPACKING pc=0x000000000230583b sp=0x00000000021be078 mode 2
Event: 0.739 Thread 0x00000000021c2800 Uncommon trap: trap_request=0xffffff65 fr.pc=0x00000000024795ec
Event: 0.739 Thread 0x00000000021c2800 DEOPT PACKING pc=0x00000000024795ec sp=0x00000000021be1f0
Event: 0.739 Thread 0x00000000021c2800 DEOPT UNPACKING pc=0x000000000230583b sp=0x00000000021be1b8 mode 2
Event: 0.739 loading class com/sun/tools/javac/tree/JCTree$1
Event: 0.739 loading class com/sun/tools/javac/tree/JCTree$1 done
Event: 0.740 loading class com/sun/tools/javac/code/BoundKind
Event: 0.740 loading class com/sun/tools/javac/code/BoundKind done


Dynamic libraries:
0x00007ff743f80000 - 0x00007ff743f87000 	C:\Program Files\Java\jdk1.8.0_201\bin\javac.exe
0x00007ff8faaa0000 - 0x00007ff8fac90000 	C:\WINDOWS\SYSTEM32\ntdll.dll
0x00007ff8f54d0000 - 0x00007ff8f54e2000 	C:\Program Files\AVAST Software\Avast\aswhook.dll
0x00007ff8fa9a0000 - 0x00007ff8faa52000 	C:\WINDOWS\System32\KERNEL32.DLL
0x00007ff8f7bc0000 - 0x00007ff8f7e64000 	C:\WINDOWS\System32\KERNELBASE.dll
0x00007ff8e9390000 - 0x00007ff8e93bf000 	C:\Program Files\Java\jdk1.8.0_201\bin\jli.dll
0x00007ff8fa440000 - 0x00007ff8fa4e3000 	C:\WINDOWS\System32\ADVAPI32.dll
0x00007ff8f8cd0000 - 0x00007ff8f8d6e000 	C:\WINDOWS\System32\msvcrt.dll
0x00007ff8f9860000 - 0x00007ff8f98f7000 	C:\WINDOWS\System32\sechost.dll
0x00007ff8fa4f0000 - 0x00007ff8fa610000 	C:\WINDOWS\System32\RPCRT4.dll
0x00007ff8f8f10000 - 0x00007ff8f90a5000 	C:\WINDOWS\System32\USER32.dll
0x00007ff8f7b90000 - 0x00007ff8f7bb1000 	C:\WINDOWS\System32\win32u.dll
0x00007ff8f8ca0000 - 0x00007ff8f8cc6000 	C:\WINDOWS\System32\GDI32.dll
0x00007ff8f7ef0000 - 0x00007ff8f8086000 	C:\WINDOWS\System32\gdi32full.dll
0x00007ff8f8090000 - 0x00007ff8f812e000 	C:\WINDOWS\System32\msvcp_win.dll
0x00007ff8f89f0000 - 0x00007ff8f8aea000 	C:\WINDOWS\System32\ucrtbase.dll
0x000000005d850000 - 0x000000005d921000 	C:\Program Files\Java\jdk1.8.0_201\bin\MSVCR100.dll
0x00007ff8e4070000 - 0x00007ff8e42f4000 	C:\WINDOWS\WinSxS\amd64_microsoft.windows.common-controls_6595b64144ccf1df_6.0.18362.1016_none_9e7a36bbe461dae4\COMCTL32.dll
0x00007ff8fa100000 - 0x00007ff8fa435000 	C:\WINDOWS\System32\combase.dll
0x00007ff8f8130000 - 0x00007ff8f81b0000 	C:\WINDOWS\System32\bcryptPrimitives.dll
0x00007ff8f9830000 - 0x00007ff8f985e000 	C:\WINDOWS\System32\IMM32.DLL
0x000000005dd80000 - 0x000000005de51000 	C:\Program Files\Java\jdk1.8.0_201\jre\bin\msvcr100.dll
0x000000005ce20000 - 0x000000005d6c4000 	C:\Program Files\Java\jdk1.8.0_201\jre\bin\server\jvm.dll
0x00007ff8f90b0000 - 0x00007ff8f90b8000 	C:\WINDOWS\System32\PSAPI.DLL
0x00007ff8e7fb0000 - 0x00007ff8e7fb9000 	C:\WINDOWS\SYSTEM32\WSOCK32.dll
0x00007ff8fa670000 - 0x00007ff8fa6df000 	C:\WINDOWS\System32\WS2_32.dll
0x00007ff8f5460000 - 0x00007ff8f5484000 	C:\WINDOWS\SYSTEM32\WINMM.dll
0x00007ff8ee2f0000 - 0x00007ff8ee2fa000 	C:\WINDOWS\SYSTEM32\VERSION.dll
0x00007ff8f5300000 - 0x00007ff8f532d000 	C:\WINDOWS\SYSTEM32\WINMMBASE.dll
0x00007ff8f7ea0000 - 0x00007ff8f7eea000 	C:\WINDOWS\System32\cfgmgr32.dll
0x00007ff8e97c0000 - 0x00007ff8e97cf000 	C:\Program Files\Java\jdk1.8.0_201\jre\bin\verify.dll
0x00007ff8e9790000 - 0x00007ff8e97b9000 	C:\Program Files\Java\jdk1.8.0_201\jre\bin\java.dll
0x00007ff8e43b0000 - 0x00007ff8e43c6000 	C:\Program Files\Java\jdk1.8.0_201\jre\bin\zip.dll
0x00007ff8f9960000 - 0x00007ff8fa047000 	C:\WINDOWS\System32\SHELL32.dll
0x00007ff8f92a0000 - 0x00007ff8f9349000 	C:\WINDOWS\System32\shcore.dll
0x00007ff8f81b0000 - 0x00007ff8f8932000 	C:\WINDOWS\System32\windows.storage.dll
0x00007ff8f7960000 - 0x00007ff8f7983000 	C:\WINDOWS\System32\profapi.dll
0x00007ff8f79b0000 - 0x00007ff8f79fa000 	C:\WINDOWS\System32\powrprof.dll
0x00007ff8f7950000 - 0x00007ff8f7960000 	C:\WINDOWS\System32\UMPDC.dll
0x00007ff8f9350000 - 0x00007ff8f93a2000 	C:\WINDOWS\System32\shlwapi.dll
0x00007ff8f7990000 - 0x00007ff8f79a1000 	C:\WINDOWS\System32\kernel.appcore.dll
0x00007ff8f7a20000 - 0x00007ff8f7a37000 	C:\WINDOWS\System32\cryptsp.dll

VM Arguments:
jvm_args: -Dapplication.home=C:\Program Files\Java\jdk1.8.0_201 -Xms8m -Dfile.encoding=UTF8 
java_command: com.sun.tools.javac.Main @C:\Users\Pedro René González\AppData\Local\Temp\tmp948F.tmp -target 1.8 -source 1.8
java_class_path (initial): C:\Program Files\Java\jdk1.8.0_201/lib/tools.jar;C:\Program Files\Java\jdk1.8.0_201/classes
Launcher Type: SUN_STANDARD

Environment Variables:
JAVA_HOME=C:\Program Files\Java\jdk1.8.0_201
PATH=C:\Program Files\Java\jdk1.8.0_201\bin;C:\WINDOWS\system32;C:\WINDOWS;C:\WINDOWS\System32\Wbem;C:\WINDOWS\System32\WindowsPowerShell\v1.0\;C:\WINDOWS\System32\OpenSSH\;C:\Program Files\Microsoft SQL Server\Client SDK\ODBC\130\Tools\Binn\;C:\Program Files (x86)\Microsoft SQL Server\140\Tools\Binn\;C:\Program Files\Microsoft SQL Server\140\Tools\Binn\;C:\Program Files\Microsoft SQL Server\140\DTS\Binn\;C:\Program Files (x86)\Microsoft SQL Server\110\Tools\Binn\;C:\Program Files\Microsoft SQL Server\110\Tools\Binn\;C:\Program Files\Microsoft SQL Server\110\DTS\Binn\;C:\Program Files\dotnet\;C:\Program Files\Microsoft SQL Server\130\Tools\Binn\;C:\Program Files\Microsoft SQL Server\120\Tools\Binn\;C:\Program Files\Git\cmd;C:\Program Files (x86)\Microsoft SQL Server\150\DTS\Binn\;C:\Program Files\Microsoft SQL Server\Client SDK\ODBC\170\Tools\Binn\;C:\Program Files\nodejs\;C:\Users\Pedro René González\AppData\Local\Microsoft\WindowsApps;;C:\Users\Pedro René González\AppData\Local\Programs\Microsoft VS Code\bin;C:\Users\Pedro René González\.dotnet\tools;C:\Users\Pedro René González\AppData\Local\Microsoft\WindowsApps;C:\Users\Pedro René González\AppData\Roaming\npm;C:\Users\Pedro René González\.dotnet\tools
USERNAME=Pedro René González
OS=Windows_NT
PROCESSOR_IDENTIFIER=Intel64 Family 6 Model 42 Stepping 7, GenuineIntel



---------------  S Y S T E M  ---------------

OS: Windows 10.0 , 64 bit Build 18362 (10.0.18362.959)

CPU:total 8 (initial active 8) (4 cores per cpu, 2 threads per core) family 6 model 42 stepping 7, cmov, cx8, fxsr, mmx, sse, sse2, sse3, ssse3, sse4.1, sse4.2, popcnt, avx, aes, clmul, ht, tsc, tscinvbit

Memory: 4k page, physical 8335212k(1272836k free), swap 8335212k(2060k free)

vm_info: Java HotSpot(TM) 64-Bit Server VM (25.201-b09) for windows-amd64 JRE (1.8.0_201-b09), built on Dec 15 2018 18:36:39 by "java_re" with MS VC++ 10.0 (VS2010)

time: Mon Sep 07 23:36:32 2020
timezone: Hora estándar de Argentina
elapsed time: 0 seconds (0d 0h 0m 0s)

