#
# There is insufficient memory for the Java Runtime Environment to continue.
# Native memory allocation (malloc) failed to allocate 1306896 bytes for Chunk::new
# Possible reasons:
#   The system is out of physical RAM or swap space
#   The process is running with CompressedOops enabled, and the Java Heap may be blocking the growth of the native heap
# Possible solutions:
#   Reduce memory load on the system
#   Increase physical memory or swap space
#   Check if swap backing store is full
#   Decrease Java heap size (-Xmx/-Xms)
#   Decrease number of Java threads
#   Decrease Java thread stack sizes (-Xss)
#   Set larger code cache with -XX:ReservedCodeCacheSize=
#   JVM is running with Unscaled Compressed Oops mode in which the Java heap is
#     placed in the first 4GB address space. The Java Heap base address is the
#     maximum limit for the native heap growth. Please use -XX:HeapBaseMinAddress
#     to set the Java Heap base and to place the Java Heap above 4GB virtual address.
# This output file may be truncated or incomplete.
#
#  Out of Memory Error (allocation.cpp:390), pid=4212, tid=0x0000000000004508
#
# JRE version: Java(TM) SE Runtime Environment (8.0_201-b09) (build 1.8.0_201-b09)
# Java VM: Java HotSpot(TM) 64-Bit Server VM (25.201-b09 mixed mode windows-amd64 compressed oops)
# Failed to write core dump. Minidumps are not enabled by default on client versions of Windows
#

---------------  T H R E A D  ---------------

Current thread (0x0000000016b20800):  JavaThread "C2 CompilerThread2" daemon [_thread_in_native, id=17672, stack(0x0000000017600000,0x0000000017700000)]

Stack: [0x0000000017600000,0x0000000017700000]
[error occurred during error reporting (printing stack bounds), id 0xc0000005]

Native frames: (J=compiled Java code, j=interpreted, Vv=VM code, C=native code)


Current CompileTask:
C2:   7082 5141       4       com.android.tools.r8.u.c.M::a (737 bytes)


---------------  P R O C E S S  ---------------

Java Threads: ( => current thread )
  0x0000000017af6000 JavaThread "ForkJoinPool-1-worker-0" daemon [_thread_in_Java, id=3860, stack(0x0000000018500000,0x0000000018600000)]
  0x0000000017af5800 JavaThread "ForkJoinPool-1-worker-3" daemon [_thread_in_Java, id=5500, stack(0x0000000018400000,0x0000000018500000)]
  0x0000000017af4800 JavaThread "ForkJoinPool-1-worker-2" daemon [_thread_in_Java, id=16772, stack(0x0000000018300000,0x0000000018400000)]
  0x0000000017b13000 JavaThread "ForkJoinPool-1-worker-1" daemon [_thread_in_Java, id=16672, stack(0x0000000018200000,0x0000000018300000)]
  0x0000000016bab800 JavaThread "Service Thread" daemon [_thread_blocked, id=11528, stack(0x0000000017800000,0x0000000017900000)]
  0x0000000016b21800 JavaThread "C1 CompilerThread3" daemon [_thread_blocked, id=2792, stack(0x0000000017700000,0x0000000017800000)]
=>0x0000000016b20800 JavaThread "C2 CompilerThread2" daemon [_thread_in_native, id=17672, stack(0x0000000017600000,0x0000000017700000)]
  0x0000000016b1c800 JavaThread "C2 CompilerThread1" daemon [_thread_in_native, id=16148, stack(0x0000000017500000,0x0000000017600000)]
  0x0000000016b16000 JavaThread "C2 CompilerThread0" daemon [_thread_in_native, id=15496, stack(0x0000000017400000,0x0000000017500000)]
  0x0000000016b14000 JavaThread "Attach Listener" daemon [_thread_blocked, id=14916, stack(0x0000000017300000,0x0000000017400000)]
  0x0000000016b13000 JavaThread "Signal Dispatcher" daemon [_thread_blocked, id=10220, stack(0x0000000017200000,0x0000000017300000)]
  0x0000000014d13000 JavaThread "Finalizer" daemon [_thread_blocked, id=16456, stack(0x0000000016fe0000,0x00000000170e0000)]
  0x00000000021e9800 JavaThread "Reference Handler" daemon [_thread_blocked, id=5588, stack(0x0000000016ee0000,0x0000000016fe0000)]
  0x00000000020f3000 JavaThread "main" [_thread_blocked, id=3720, stack(0x0000000001ff0000,0x00000000020f0000)]

Other Threads:
  0x0000000014d08800 VMThread [stack: 0x00000000169e0000,0x0000000016ae0000] [id=9692]
  0x0000000016bc7000 WatcherThread [stack: 0x0000000017900000,0x0000000017a00000] [id=17224]

VM state:not at safepoint (normal execution)

VM Mutex/Monitor currently owned by a thread: None

heap address: 0x00000000c0000000, size: 1024 MB, Compressed Oops mode: 32-bit
Narrow klass base: 0x0000000000000000, Narrow klass shift: 3
Compressed class space size: 1073741824 Address: 0x0000000100000000

Heap:
 PSYoungGen      total 238080K, used 146824K [0x00000000eab00000, 0x00000000fae00000, 0x0000000100000000)
  eden space 211968K, 62% used [0x00000000eab00000,0x00000000f2c362b0,0x00000000f7a00000)
  from space 26112K, 55% used [0x00000000f7a00000,0x00000000f882c010,0x00000000f9380000)
  to   space 25088K, 0% used [0x00000000f9380000,0x00000000f9380000,0x00000000fac00000)
 ParOldGen       total 87552K, used 41051K [0x00000000c0000000, 0x00000000c5580000, 0x00000000eab00000)
  object space 87552K, 46% used [0x00000000c0000000,0x00000000c2816fa0,0x00000000c5580000)
 Metaspace       used 15904K, capacity 16612K, committed 17408K, reserved 1064960K
  class space    used 1914K, capacity 2086K, committed 2304K, reserved 1048576K

Card table byte_map: [0x00000000115b0000,0x00000000117c0000] byte_map_base: 0x0000000010fb0000

Marking Bits: (ParMarkBitMap*) 0x000000005d644ce0
 Begin Bits: [0x0000000012120000, 0x0000000013120000)
 End Bits:   [0x0000000013120000, 0x0000000014120000)

Polling page: 0x0000000000610000

CodeCache: size=245760Kb used=15713Kb max_used=15713Kb free=230046Kb
 bounds [0x00000000021f0000, 0x0000000003160000, 0x00000000111f0000]
 total_blobs=4569 nmethods=4216 adapters=263
 compilation: enabled

Compilation events (10 events):
Event: 7.026 Thread 0x0000000016b21800 5268 %     3       com.android.tools.r8.ir.regalloc.LinearScanRegisterAllocator::j @ 37 (71 bytes)
Event: 7.028 Thread 0x0000000016b21800 nmethod 5268% 0x0000000002db23d0 code [0x0000000002db2680, 0x0000000002db39c8]
Event: 7.034 Thread 0x0000000016b21800 5269       3       com.android.tools.r8.ir.optimize.h$c::a (212 bytes)
Event: 7.036 Thread 0x0000000016b21800 nmethod 5269 0x0000000003144cd0 code [0x0000000003144fc0, 0x0000000003146498]
Event: 7.052 Thread 0x0000000016b21800 5270       2       com.android.tools.r8.u.b.i::a (49 bytes)
Event: 7.052 Thread 0x0000000016b21800 nmethod 5270 0x000000000313fa10 code [0x000000000313fbc0, 0x000000000313ff08]
Event: 7.052 Thread 0x0000000016b21800 5271       2       com.android.tools.r8.code.E::<init> (7 bytes)
Event: 7.052 Thread 0x0000000016b21800 nmethod 5271 0x0000000002db2050 code [0x0000000002db21c0, 0x0000000002db2328]
Event: 7.062 Thread 0x0000000016b21800 5272       2       com.android.tools.r8.u.b.X::a (11 bytes)
Event: 7.062 Thread 0x0000000016b21800 nmethod 5272 0x0000000002db1cd0 code [0x0000000002db1e20, 0x0000000002db1f90]

GC Heap History (10 events):
Event: 5.333 GC heap before
{Heap before GC invocations=14 (full 1):
 PSYoungGen      total 237056K, used 214852K [0x00000000eab00000, 0x00000000fae00000, 0x0000000100000000)
  eden space 211968K, 100% used [0x00000000eab00000,0x00000000f7a00000,0x00000000f7a00000)
  from space 25088K, 11% used [0x00000000f9380000,0x00000000f9651120,0x00000000fac00000)
  to   space 26112K, 0% used [0x00000000f7a00000,0x00000000f7a00000,0x00000000f9380000)
 ParOldGen       total 87552K, used 41043K [0x00000000c0000000, 0x00000000c5580000, 0x00000000eab00000)
  object space 87552K, 46% used [0x00000000c0000000,0x00000000c2814fa0,0x00000000c5580000)
 Metaspace       used 15831K, capacity 16534K, committed 17152K, reserved 1064960K
  class space    used 1913K, capacity 2085K, committed 2304K, reserved 1048576K
Event: 5.340 GC heap after
Heap after GC invocations=14 (full 1):
 PSYoungGen      total 238080K, used 4800K [0x00000000eab00000, 0x00000000fae00000, 0x0000000100000000)
  eden space 211968K, 0% used [0x00000000eab00000,0x00000000eab00000,0x00000000f7a00000)
  from space 26112K, 18% used [0x00000000f7a00000,0x00000000f7eb0000,0x00000000f9380000)
  to   space 25088K, 0% used [0x00000000f9380000,0x00000000f9380000,0x00000000fac00000)
 ParOldGen       total 87552K, used 41051K [0x00000000c0000000, 0x00000000c5580000, 0x00000000eab00000)
  object space 87552K, 46% used [0x00000000c0000000,0x00000000c2816fa0,0x00000000c5580000)
 Metaspace       used 15831K, capacity 16534K, committed 17152K, reserved 1064960K
  class space    used 1913K, capacity 2085K, committed 2304K, reserved 1048576K
}
Event: 5.687 GC heap before
{Heap before GC invocations=15 (full 1):
 PSYoungGen      total 238080K, used 216768K [0x00000000eab00000, 0x00000000fae00000, 0x0000000100000000)
  eden space 211968K, 100% used [0x00000000eab00000,0x00000000f7a00000,0x00000000f7a00000)
  from space 26112K, 18% used [0x00000000f7a00000,0x00000000f7eb0000,0x00000000f9380000)
  to   space 25088K, 0% used [0x00000000f9380000,0x00000000f9380000,0x00000000fac00000)
 ParOldGen       total 87552K, used 41051K [0x00000000c0000000, 0x00000000c5580000, 0x00000000eab00000)
  object space 87552K, 46% used [0x00000000c0000000,0x00000000c2816fa0,0x00000000c5580000)
 Metaspace       used 15844K, capacity 16598K, committed 17408K, reserved 1064960K
  class space    used 1913K, capacity 2085K, committed 2304K, reserved 1048576K
Event: 5.696 GC heap after
Heap after GC invocations=15 (full 1):
 PSYoungGen      total 237056K, used 6784K [0x00000000eab00000, 0x00000000fae00000, 0x0000000100000000)
  eden space 211968K, 0% used [0x00000000eab00000,0x00000000eab00000,0x00000000f7a00000)
  from space 25088K, 27% used [0x00000000f9380000,0x00000000f9a20000,0x00000000fac00000)
  to   space 26112K, 0% used [0x00000000f7a00000,0x00000000f7a00000,0x00000000f9380000)
 ParOldGen       total 87552K, used 41051K [0x00000000c0000000, 0x00000000c5580000, 0x00000000eab00000)
  object space 87552K, 46% used [0x00000000c0000000,0x00000000c2816fa0,0x00000000c5580000)
 Metaspace       used 15844K, capacity 16598K, committed 17408K, reserved 1064960K
  class space    used 1913K, capacity 2085K, committed 2304K, reserved 1048576K
}
Event: 6.053 GC heap before
{Heap before GC invocations=16 (full 1):
 PSYoungGen      total 237056K, used 218752K [0x00000000eab00000, 0x00000000fae00000, 0x0000000100000000)
  eden space 211968K, 100% used [0x00000000eab00000,0x00000000f7a00000,0x00000000f7a00000)
  from space 25088K, 27% used [0x00000000f9380000,0x00000000f9a20000,0x00000000fac00000)
  to   space 26112K, 0% used [0x00000000f7a00000,0x00000000f7a00000,0x00000000f9380000)
 ParOldGen       total 87552K, used 41051K [0x00000000c0000000, 0x00000000c5580000, 0x00000000eab00000)
  object space 87552K, 46% used [0x00000000c0000000,0x00000000c2816fa0,0x00000000c5580000)
 Metaspace       used 15875K, capacity 16604K, committed 17408K, reserved 1064960K
  class space    used 1914K, capacity 2086K, committed 2304K, reserved 1048576K
Event: 6.065 GC heap after
Heap after GC invocations=16 (full 1):
 PSYoungGen      total 238080K, used 9812K [0x00000000eab00000, 0x00000000fae00000, 0x0000000100000000)
  eden space 211968K, 0% used [0x00000000eab00000,0x00000000eab00000,0x00000000f7a00000)
  from space 26112K, 37% used [0x00000000f7a00000,0x00000000f83950f0,0x00000000f9380000)
  to   space 25088K, 0% used [0x00000000f9380000,0x00000000f9380000,0x00000000fac00000)
 ParOldGen       total 87552K, used 41051K [0x00000000c0000000, 0x00000000c5580000, 0x00000000eab00000)
  object space 87552K, 46% used [0x00000000c0000000,0x00000000c2816fa0,0x00000000c5580000)
 Metaspace       used 15875K, capacity 16604K, committed 17408K, reserved 1064960K
  class space    used 1914K, capacity 2086K, committed 2304K, reserved 1048576K
}
Event: 6.456 GC heap before
{Heap before GC invocations=17 (full 1):
 PSYoungGen      total 238080K, used 221780K [0x00000000eab00000, 0x00000000fae00000, 0x0000000100000000)
  eden space 211968K, 100% used [0x00000000eab00000,0x00000000f7a00000,0x00000000f7a00000)
  from space 26112K, 37% used [0x00000000f7a00000,0x00000000f83950f0,0x00000000f9380000)
  to   space 25088K, 0% used [0x00000000f9380000,0x00000000f9380000,0x00000000fac00000)
 ParOldGen       total 87552K, used 41051K [0x00000000c0000000, 0x00000000c5580000, 0x00000000eab00000)
  object space 87552K, 46% used [0x00000000c0000000,0x00000000c2816fa0,0x00000000c5580000)
 Metaspace       used 15889K, capacity 16608K, committed 17408K, reserved 1064960K
  class space    used 1914K, capacity 2086K, committed 2304K, reserved 1048576K
Event: 6.471 GC heap after
Heap after GC invocations=17 (full 1):
 PSYoungGen      total 237056K, used 12352K [0x00000000eab00000, 0x00000000fae00000, 0x0000000100000000)
  eden space 211968K, 0% used [0x00000000eab00000,0x00000000eab00000,0x00000000f7a00000)
  from space 25088K, 49% used [0x00000000f9380000,0x00000000f9f90000,0x00000000fac00000)
  to   space 26112K, 0% used [0x00000000f7a00000,0x00000000f7a00000,0x00000000f9380000)
 ParOldGen       total 87552K, used 41051K [0x00000000c0000000, 0x00000000c5580000, 0x00000000eab00000)
  object space 87552K, 46% used [0x00000000c0000000,0x00000000c2816fa0,0x00000000c5580000)
 Metaspace       used 15889K, capacity 16608K, committed 17408K, reserved 1064960K
  class space    used 1914K, capacity 2086K, committed 2304K, reserved 1048576K
}
Event: 6.838 GC heap before
{Heap before GC invocations=18 (full 1):
 PSYoungGen      total 237056K, used 224320K [0x00000000eab00000, 0x00000000fae00000, 0x0000000100000000)
  eden space 211968K, 100% used [0x00000000eab00000,0x00000000f7a00000,0x00000000f7a00000)
  from space 25088K, 49% used [0x00000000f9380000,0x00000000f9f90000,0x00000000fac00000)
  to   space 26112K, 0% used [0x00000000f7a00000,0x00000000f7a00000,0x00000000f9380000)
 ParOldGen       total 87552K, used 41051K [0x00000000c0000000, 0x00000000c5580000, 0x00000000eab00000)
  object space 87552K, 46% used [0x00000000c0000000,0x00000000c2816fa0,0x00000000c5580000)
 Metaspace       used 15900K, capacity 16608K, committed 17408K, reserved 1064960K
  class space    used 1914K, capacity 2086K, committed 2304K, reserved 1048576K
Event: 6.854 GC heap after
Heap after GC invocations=18 (full 1):
 PSYoungGen      total 238080K, used 14512K [0x00000000eab00000, 0x00000000fae00000, 0x0000000100000000)
  eden space 211968K, 0% used [0x00000000eab00000,0x00000000eab00000,0x00000000f7a00000)
  from space 26112K, 55% used [0x00000000f7a00000,0x00000000f882c010,0x00000000f9380000)
  to   space 25088K, 0% used [0x00000000f9380000,0x00000000f9380000,0x00000000fac00000)
 ParOldGen       total 87552K, used 41051K [0x00000000c0000000, 0x00000000c5580000, 0x00000000eab00000)
  object space 87552K, 46% used [0x00000000c0000000,0x00000000c2816fa0,0x00000000c5580000)
 Metaspace       used 15900K, capacity 16608K, committed 17408K, reserved 1064960K
  class space    used 1914K, capacity 2086K, committed 2304K, reserved 1048576K
}

Deoptimization events (10 events):
Event: 6.037 Thread 0x0000000017b13000 Uncommon trap: reason=bimorphic action=maybe_recompile pc=0x000000000266a920 method=com.android.tools.r8.u.b.j1.a(Lcom/android/tools/r8/ir/analysis/type/k;)Lcom/android/tools/r8/u/b/j1; @ 29
Event: 6.037 Thread 0x0000000017b13000 Uncommon trap: reason=bimorphic action=maybe_recompile pc=0x0000000003081f00 method=com.android.tools.r8.u.b.j1.a(Lcom/android/tools/r8/ir/analysis/type/k;)Lcom/android/tools/r8/u/b/j1; @ 29
Event: 6.068 Thread 0x0000000017b13000 Uncommon trap: reason=bimorphic action=maybe_recompile pc=0x0000000002c77838 method=com.android.tools.r8.u.b.j1.a(Lcom/android/tools/r8/ir/analysis/type/k;)Lcom/android/tools/r8/u/b/j1; @ 29
Event: 6.085 Thread 0x0000000017b13000 Uncommon trap: reason=class_check action=maybe_recompile pc=0x0000000002c6c1cc method=com.android.tools.r8.ir.regalloc.LinearScanRegisterAllocator.a(Ljava/util/function/Predicate;Ljava/util/function/BiPredicate;ILcom/android/tools/r8/ir/regalloc/a;IZLcom/
Event: 6.086 Thread 0x0000000017b13000 Uncommon trap: reason=class_check action=maybe_recompile pc=0x0000000002c6c1cc method=com.android.tools.r8.ir.regalloc.LinearScanRegisterAllocator.a(Ljava/util/function/Predicate;Ljava/util/function/BiPredicate;ILcom/android/tools/r8/ir/regalloc/a;IZLcom/
Event: 6.086 Thread 0x0000000017b13000 Uncommon trap: reason=class_check action=maybe_recompile pc=0x0000000002c6c1cc method=com.android.tools.r8.ir.regalloc.LinearScanRegisterAllocator.a(Ljava/util/function/Predicate;Ljava/util/function/BiPredicate;ILcom/android/tools/r8/ir/regalloc/a;IZLcom/
Event: 6.183 Thread 0x0000000017b13000 Uncommon trap: reason=unstable_if action=reinterpret pc=0x00000000026bf280 method=java.util.Arrays.equals([Ljava/lang/Object;[Ljava/lang/Object;)Z @ 65
Event: 6.183 Thread 0x0000000017b13000 Uncommon trap: reason=unstable_if action=reinterpret pc=0x00000000026be990 method=java.util.Arrays.equals([Ljava/lang/Object;[Ljava/lang/Object;)Z @ 65
Event: 6.501 Thread 0x0000000017af6000 Uncommon trap: reason=unstable_if action=reinterpret pc=0x000000000259b9cc method=com.android.tools.r8.graph.H.a(IILcom/android/tools/r8/u/b/d0;)V @ 887
Event: 6.565 Thread 0x0000000017b13000 Uncommon trap: reason=unstable_if action=reinterpret pc=0x00000000029c03fc method=java.util.HashMap.putVal(ILjava/lang/Object;Ljava/lang/Object;ZZ)Ljava/lang/Object; @ 162

Classes redefined (0 events):
No events

Internal exceptions (10 events):
Event: 1.797 Thread 0x0000000017af4800 Exception <a 'java/lang/NoSuchMethodError': java.lang.Object.lambda$comparingInt$7b0bb60$1(Ljava/util/function/ToIntFunction;Ljava/lang/Object;Ljava/lang/Object;)I> (0x00000000ebd75b50) thrown at [C:\re\workspace\8-2-build-windows-amd64-cygwin\jdk8u201\12
Event: 1.797 Thread 0x0000000017af5800 Exception <a 'java/lang/NoSuchMethodError': java.lang.Object.lambda$comparingInt$7b0bb60$1(Ljava/util/function/ToIntFunction;Ljava/lang/Object;Ljava/lang/Object;)I> (0x00000000ebc64350) thrown at [C:\re\workspace\8-2-build-windows-amd64-cygwin\jdk8u201\12
Event: 1.797 Thread 0x0000000017b13000 Exception <a 'java/lang/NoSuchMethodError': java.lang.Object.lambda$comparingInt$7b0bb60$1(Ljava/util/function/ToIntFunction;Ljava/lang/Object;Ljava/lang/Object;)I> (0x00000000ebdf51d0) thrown at [C:\re\workspace\8-2-build-windows-amd64-cygwin\jdk8u201\12
Event: 1.797 Thread 0x0000000017af6000 Exception <a 'java/lang/NoSuchMethodError': java.lang.Object.lambda$comparingInt$7b0bb60$1(Ljava/util/function/ToIntFunction;Ljava/lang/Object;Ljava/lang/Object;)I> (0x00000000ebcb1588) thrown at [C:\re\workspace\8-2-build-windows-amd64-cygwin\jdk8u201\12
Event: 1.799 Thread 0x0000000017b13000 Exception <a 'java/lang/NoSuchMethodError': java.lang.Object.lambda$maxBy$1(Ljava/util/Comparator;Ljava/lang/Object;Ljava/lang/Object;)Ljava/lang/Object;> (0x00000000ebe00fb0) thrown at [C:\re\workspace\8-2-build-windows-amd64-cygwin\jdk8u201\12322\hotspo
Event: 1.799 Thread 0x0000000017af4800 Exception <a 'java/lang/NoSuchMethodError': java.lang.Object.lambda$maxBy$1(Ljava/util/Comparator;Ljava/lang/Object;Ljava/lang/Object;)Ljava/lang/Object;> (0x00000000ebd81b38) thrown at [C:\re\workspace\8-2-build-windows-amd64-cygwin\jdk8u201\12322\hotspo
Event: 1.799 Thread 0x0000000017af5800 Exception <a 'java/lang/NoSuchMethodError': java.lang.Object.lambda$maxBy$1(Ljava/util/Comparator;Ljava/lang/Object;Ljava/lang/Object;)Ljava/lang/Object;> (0x00000000ebc70090) thrown at [C:\re\workspace\8-2-build-windows-amd64-cygwin\jdk8u201\12322\hotspo
Event: 1.799 Thread 0x0000000017af6000 Exception <a 'java/lang/NoSuchMethodError': java.lang.Object.lambda$maxBy$1(Ljava/util/Comparator;Ljava/lang/Object;Ljava/lang/Object;)Ljava/lang/Object;> (0x00000000ebcbe6f8) thrown at [C:\re\workspace\8-2-build-windows-amd64-cygwin\jdk8u201\12322\hotspo
Event: 1.852 Thread 0x0000000017af4800 Implicit null exception at 0x00000000026215ef to 0x000000000262168d
Event: 1.928 Thread 0x0000000017af6000 Implicit null exception at 0x00000000028fcc4c to 0x00000000029056c5

Events (10 events):
Event: 7.034 Thread 0x0000000017af4800 DEOPT PACKING pc=0x0000000002f6047b sp=0x00000000183fe250
Event: 7.034 Thread 0x0000000017af4800 DEOPT UNPACKING pc=0x0000000002237890 sp=0x00000000183fdf28 mode 0
Event: 7.037 Thread 0x0000000017af6000 DEOPT PACKING pc=0x0000000002b3ba70 sp=0x00000000185fe350
Event: 7.037 Thread 0x0000000017af6000 DEOPT UNPACKING pc=0x0000000002237890 sp=0x00000000185fe1a8 mode 0
Event: 7.041 Thread 0x0000000017b13000 DEOPT PACKING pc=0x000000000276dfb0 sp=0x00000000182fda00
Event: 7.041 Thread 0x0000000017b13000 DEOPT UNPACKING pc=0x0000000002237890 sp=0x00000000182fd9e0 mode 0
Event: 7.048 Thread 0x0000000017af6000 DEOPT PACKING pc=0x0000000002b3ba70 sp=0x00000000185fe350
Event: 7.048 Thread 0x0000000017af6000 DEOPT UNPACKING pc=0x0000000002237890 sp=0x00000000185fe1a8 mode 0
Event: 7.051 Thread 0x0000000017b13000 DEOPT PACKING pc=0x000000000308df8b sp=0x00000000182fdc10
Event: 7.052 Thread 0x0000000017b13000 DEOPT UNPACKING pc=0x0000000002237890 sp=0x00000000182fdc48 mode 0


Dynamic libraries:
0x00007ff6dc420000 - 0x00007ff6dc457000 	C:\Program Files\Java\jdk1.8.0_201\bin\java.exe
0x00007ff8faaa0000 - 0x00007ff8fac90000 	C:\WINDOWS\SYSTEM32\ntdll.dll
0x00007ff8f54d0000 - 0x00007ff8f54e2000 	C:\Program Files\AVAST Software\Avast\aswhook.dll
0x00007ff8fa9a0000 - 0x00007ff8faa52000 	C:\WINDOWS\System32\KERNEL32.DLL
0x00007ff8f7bc0000 - 0x00007ff8f7e64000 	C:\WINDOWS\System32\KERNELBASE.dll
0x00007ff8fa440000 - 0x00007ff8fa4e3000 	C:\WINDOWS\System32\ADVAPI32.dll
0x00007ff8f8cd0000 - 0x00007ff8f8d6e000 	C:\WINDOWS\System32\msvcrt.dll
0x00007ff8f9860000 - 0x00007ff8f98f7000 	C:\WINDOWS\System32\sechost.dll
0x00007ff8fa4f0000 - 0x00007ff8fa610000 	C:\WINDOWS\System32\RPCRT4.dll
0x00007ff8f8f10000 - 0x00007ff8f90a5000 	C:\WINDOWS\System32\USER32.dll
0x00007ff8f7b90000 - 0x00007ff8f7bb1000 	C:\WINDOWS\System32\win32u.dll
0x00007ff8f8ca0000 - 0x00007ff8f8cc6000 	C:\WINDOWS\System32\GDI32.dll
0x00007ff8f7ef0000 - 0x00007ff8f8086000 	C:\WINDOWS\System32\gdi32full.dll
0x00007ff8f8090000 - 0x00007ff8f812e000 	C:\WINDOWS\System32\msvcp_win.dll
0x00007ff8f89f0000 - 0x00007ff8f8aea000 	C:\WINDOWS\System32\ucrtbase.dll
0x00007ff8e4070000 - 0x00007ff8e42f4000 	C:\WINDOWS\WinSxS\amd64_microsoft.windows.common-controls_6595b64144ccf1df_6.0.18362.1016_none_9e7a36bbe461dae4\COMCTL32.dll
0x00007ff8fa100000 - 0x00007ff8fa435000 	C:\WINDOWS\System32\combase.dll
0x00007ff8f8130000 - 0x00007ff8f81b0000 	C:\WINDOWS\System32\bcryptPrimitives.dll
0x00007ff8f9830000 - 0x00007ff8f985e000 	C:\WINDOWS\System32\IMM32.DLL
0x000000005dd80000 - 0x000000005de51000 	C:\Program Files\Java\jdk1.8.0_201\jre\bin\msvcr100.dll
0x000000005ce20000 - 0x000000005d6c4000 	C:\Program Files\Java\jdk1.8.0_201\jre\bin\server\jvm.dll
0x00007ff8f90b0000 - 0x00007ff8f90b8000 	C:\WINDOWS\System32\PSAPI.DLL
0x00007ff8e7fb0000 - 0x00007ff8e7fb9000 	C:\WINDOWS\SYSTEM32\WSOCK32.dll
0x00007ff8fa670000 - 0x00007ff8fa6df000 	C:\WINDOWS\System32\WS2_32.dll
0x00007ff8f5460000 - 0x00007ff8f5484000 	C:\WINDOWS\SYSTEM32\WINMM.dll
0x00007ff8ee2f0000 - 0x00007ff8ee2fa000 	C:\WINDOWS\SYSTEM32\VERSION.dll
0x00007ff8f5300000 - 0x00007ff8f532d000 	C:\WINDOWS\SYSTEM32\WINMMBASE.dll
0x00007ff8f7ea0000 - 0x00007ff8f7eea000 	C:\WINDOWS\System32\cfgmgr32.dll
0x00007ff8e97c0000 - 0x00007ff8e97cf000 	C:\Program Files\Java\jdk1.8.0_201\jre\bin\verify.dll
0x00007ff8e9790000 - 0x00007ff8e97b9000 	C:\Program Files\Java\jdk1.8.0_201\jre\bin\java.dll
0x00007ff8e43b0000 - 0x00007ff8e43c6000 	C:\Program Files\Java\jdk1.8.0_201\jre\bin\zip.dll
0x00007ff8f9960000 - 0x00007ff8fa047000 	C:\WINDOWS\System32\SHELL32.dll
0x00007ff8f92a0000 - 0x00007ff8f9349000 	C:\WINDOWS\System32\shcore.dll
0x00007ff8f81b0000 - 0x00007ff8f8932000 	C:\WINDOWS\System32\windows.storage.dll
0x00007ff8f7960000 - 0x00007ff8f7983000 	C:\WINDOWS\System32\profapi.dll
0x00007ff8f79b0000 - 0x00007ff8f79fa000 	C:\WINDOWS\System32\powrprof.dll
0x00007ff8f7950000 - 0x00007ff8f7960000 	C:\WINDOWS\System32\UMPDC.dll
0x00007ff8f9350000 - 0x00007ff8f93a2000 	C:\WINDOWS\System32\shlwapi.dll
0x00007ff8f7990000 - 0x00007ff8f79a1000 	C:\WINDOWS\System32\kernel.appcore.dll
0x00007ff8f7a20000 - 0x00007ff8f7a37000 	C:\WINDOWS\System32\cryptsp.dll
0x00007ff8e31a0000 - 0x00007ff8e31ba000 	C:\Program Files\Java\jdk1.8.0_201\jre\bin\net.dll
0x00007ff8e9ce0000 - 0x00007ff8e9eb6000 	C:\WINDOWS\SYSTEM32\urlmon.dll
0x00007ff8ea110000 - 0x00007ff8ea3b6000 	C:\WINDOWS\SYSTEM32\iertutil.dll
0x00007ff8f7380000 - 0x00007ff8f738c000 	C:\WINDOWS\SYSTEM32\CRYPTBASE.DLL
0x00007ff8f71b0000 - 0x00007ff8f7217000 	C:\WINDOWS\system32\mswsock.dll
0x00007ff8e2d30000 - 0x00007ff8e2d41000 	C:\Program Files\Java\jdk1.8.0_201\jre\bin\nio.dll

VM Arguments:
jvm_args: -Xmx1G 
java_command: com.android.tools.r8.D8 --debug --min-api 21 --output obj\Debug\90\android\bin\ --lib C:\Program Files (x86)\Android\android-sdk\platforms\android-28\android.jar obj\Debug\90\android\bin\classes.zip C:\Program Files (x86)\Microsoft Visual Studio\2019\Community\Common7\IDE\ReferenceAssemblies\Microsoft\Framework\MonoAndroid\v9.0\mono.android.jar C:\Program Files (x86)\Microsoft Visual Studio\2019\Community\MSBuild\Xamarin\Android\java_runtime_fastdev.jar obj\Debug\90\lp\0\jl\formsviewgroup.jar obj\Debug\90\lp\1\jl\android.arch.core.common.jar obj\Debug\90\lp\10\jl\bin\classes.jar obj\Debug\90\lp\11\jl\com.android.support.collections.jar obj\Debug\90\lp\12\jl\bin\classes.jar obj\Debug\90\lp\13\jl\bin\classes.jar obj\Debug\90\lp\14\jl\bin\classes.jar obj\Debug\90\lp\15\jl\bin\classes.jar obj\Debug\90\lp\16\jl\bin\classes.jar obj\Debug\90\lp\17\jl\bin\classes.jar obj\Debug\90\lp\18\jl\bin\classes.jar obj\Debug\90\lp\19\jl\bin\classes.jar obj\Debug\90\lp\2\jl\bin\classes.jar obj\Debug\90\lp\20\jl\bin\classes.jar obj\Debug\90\lp\21\jl\bin\classes.jar obj\Debug\90\lp\22\jl\bin\classes.jar obj\Debug\90\lp\23\jl\bin\classes.jar obj\Debug\90\lp\24\jl\bin\classes.jar obj\Debug\90\lp\25\jl\bin\classes.jar obj\Debug\90\lp\26\jl\bin\classes.jar obj\Debug\90\lp\27\jl\bin\classes.jar obj\Debug\90\lp\28\jl\bin\classes.jar obj\Debug\90\lp\29\jl\bin\classes.jar obj\Debug\90\lp\3\jl\android.arch.lifecycle.common.jar obj\Debug\90\lp\30\jl\bin\classes.jar obj\Debug\90\lp\32\jl\bin\classes.jar obj\Debug\90\lp\33\jl\bin\classes.jar obj\Debug\90\lp\34\jl\bin\classes.jar obj\Debug\90\lp\35\jl\bin\classes.jar obj\Debug\90\lp\36\jl\bin\classes.jar obj\Debug\90\lp\37\jl\bin\classes.jar obj\Debug\90\lp\4\jl\bin\classes.jar obj\Debug\90\lp\5\jl\bin\classes.jar obj\Debug\90\lp\6\jl\bin\classes.jar obj\Debug\90\lp\7\jl\bin\classes.jar obj\Debug\90\lp\8\jl\bin\classes.jar obj\Debug\90\lp\9\jl\com.android.support.support-annotations.jar
java_class_path (initial): C:\Program Files (x86)\Microsoft Visual Studio\2019\Community\MSBuild\Xamarin\Android\r8.jar
Launcher Type: SUN_STANDARD

Environment Variables:
JAVA_HOME=C:\Program Files\Java\jdk1.8.0_201
PATH=C:\Program Files\Java\jdk1.8.0_201\bin;C:\WINDOWS\system32;C:\WINDOWS;C:\WINDOWS\System32\Wbem;C:\WINDOWS\System32\WindowsPowerShell\v1.0\;C:\WINDOWS\System32\OpenSSH\;C:\Program Files\Microsoft SQL Server\Client SDK\ODBC\130\Tools\Binn\;C:\Program Files (x86)\Microsoft SQL Server\140\Tools\Binn\;C:\Program Files\Microsoft SQL Server\140\Tools\Binn\;C:\Program Files\Microsoft SQL Server\140\DTS\Binn\;C:\Program Files (x86)\Microsoft SQL Server\110\Tools\Binn\;C:\Program Files\Microsoft SQL Server\110\Tools\Binn\;C:\Program Files\Microsoft SQL Server\110\DTS\Binn\;C:\Program Files\dotnet\;C:\Program Files\Microsoft SQL Server\130\Tools\Binn\;C:\Program Files\Microsoft SQL Server\120\Tools\Binn\;C:\Program Files\Git\cmd;C:\Program Files (x86)\Microsoft SQL Server\150\DTS\Binn\;C:\Program Files\Microsoft SQL Server\Client SDK\ODBC\170\Tools\Binn\;C:\Program Files\nodejs\;C:\Users\Pedro René González\AppData\Local\Microsoft\WindowsApps;;C:\Users\Pedro René González\AppData\Local\Programs\Microsoft VS Code\bin;C:\Users\Pedro René González\.dotnet\tools;C:\Users\Pedro René González\AppData\Local\Microsoft\WindowsApps;C:\Users\Pedro René González\AppData\Roaming\npm;C:\Users\Pedro René González\.dotnet\tools
USERNAME=Pedro René González
OS=Windows_NT
PROCESSOR_IDENTIFIER=Intel64 Family 6 Model 42 Stepping 7, GenuineIntel



---------------  S Y S T E M  ---------------

OS: Windows 10.0 , 64 bit Build 18362 (10.0.18362.959)

CPU:total 8 (initial active 8) (4 cores per cpu, 2 threads per core) family 6 model 42 stepping 7, cmov, cx8, fxsr, mmx, sse, sse2, sse3, ssse3, sse4.1, sse4.2, popcnt, avx, aes, clmul, ht, tsc, tscinvbit

Memory: 4k page, physical 8335212k(1300328k free), swap 8335212k(10108k free)

vm_info: Java HotSpot(TM) 64-Bit Server VM (25.201-b09) for windows-amd64 JRE (1.8.0_201-b09), built on Dec 15 2018 18:36:39 by "java_re" with MS VC++ 10.0 (VS2010)

time: Mon Sep 07 23:12:47 2020
timezone: Hora estándar de Argentina
elapsed time: 7 seconds (0d 0h 0m 7s)

